#
# There is insufficient memory for the Java Runtime Environment to continue.
# Native memory allocation (malloc) failed to allocate 305296 bytes for Chunk::new
# Possible reasons:
#   The system is out of physical RAM or swap space
#   In 32 bit mode, the process size limit was hit
# Possible solutions:
#   Reduce memory load on the system
#   Increase physical memory or swap space
#   Check if swap backing store is full
#   Use 64 bit Java on a 64 bit OS
#   Decrease Java heap size (-Xmx/-Xms)
#   Decrease number of Java threads
#   Decrease Java thread stack sizes (-Xss)
#   Set larger code cache with -XX:ReservedCodeCacheSize=
# This output file may be truncated or incomplete.
#
#  Out of Memory Error (allocation.cpp:390), pid=20428, tid=0x00000000000023ec
#
# JRE version: OpenJDK Runtime Environment (8.0_76-b03) (build 1.8.0_76-release-b03)
# Java VM: OpenJDK 64-Bit Server VM (25.76-b03 mixed mode windows-amd64 compressed oops)
# Failed to write core dump. Minidumps are not enabled by default on client versions of Windows
#

---------------  T H R E A D  ---------------

Current thread (0x00000000154ae000):  JavaThread "C2 CompilerThread0" daemon [_thread_in_native, id=9196, stack(0x0000000016a20000,0x0000000016b20000)]

Stack: [0x0000000016a20000,0x0000000016b20000]
[error occurred during error reporting (printing stack bounds), id 0xc0000005]

Native frames: (J=compiled Java code, j=interpreted, Vv=VM code, C=native code)


Current CompileTask:
C2:  25747 9014   !   4       java.util.zip.ZipFile::getInputStream (304 bytes)


---------------  P R O C E S S  ---------------

Java Threads: ( => current thread )
  0x000000001ac85000 JavaThread "pool-4-thread-1" [_thread_blocked, id=8288, stack(0x000000001dac0000,0x000000001dbc0000)]
  0x000000001ac84800 JavaThread "File lock request listener" [_thread_in_native, id=20548, stack(0x000000001c250000,0x000000001c350000)]
  0x00000000183cf800 JavaThread "Stdin handler" [_thread_blocked, id=9620, stack(0x0000000019910000,0x0000000019a10000)]
  0x00000000180ca000 JavaThread "Asynchronous log dispatcher for org.gradle.launcher.daemon.server.DefaultDaemonConnection@242cdded" [_thread_blocked, id=12068, stack(0x0000000019810000,0x0000000019910000)]
  0x00000000180dc000 JavaThread "Daemon worker" [_thread_in_native, id=7600, stack(0x0000000019710000,0x0000000019810000)]
  0x00000000180d8000 JavaThread "Cancel handler" [_thread_blocked, id=16080, stack(0x0000000019610000,0x0000000019710000)]
  0x00000000183c1800 JavaThread "Handler for socket connection from /127.0.0.1:53230 to /127.0.0.1:53231" [_thread_in_native, id=7512, stack(0x0000000019510000,0x0000000019610000)]
  0x00000000183c0800 JavaThread "Daemon" [_thread_blocked, id=7040, stack(0x0000000019410000,0x0000000019510000)]
  0x00000000179c5000 JavaThread "pool-1-thread-1" [_thread_blocked, id=20352, stack(0x0000000019310000,0x0000000019410000)]
  0x0000000018352800 JavaThread "Incoming local TCP Connector on port 53230" [_thread_in_native, id=17576, stack(0x0000000017b20000,0x0000000017c20000)]
  0x000000001550c800 JavaThread "Service Thread" daemon [_thread_blocked, id=13916, stack(0x0000000017120000,0x0000000017220000)]
  0x00000000154dd000 JavaThread "C1 CompilerThread2" daemon [_thread_blocked, id=20728, stack(0x0000000016c20000,0x0000000016d20000)]
  0x00000000154b1000 JavaThread "C2 CompilerThread1" daemon [_thread_blocked, id=13460, stack(0x0000000016b20000,0x0000000016c20000)]
=>0x00000000154ae000 JavaThread "C2 CompilerThread0" daemon [_thread_in_native, id=9196, stack(0x0000000016a20000,0x0000000016b20000)]
  0x00000000154ac800 JavaThread "Attach Listener" daemon [_thread_blocked, id=13168, stack(0x0000000016920000,0x0000000016a20000)]
  0x00000000154a9800 JavaThread "Signal Dispatcher" daemon [_thread_blocked, id=8228, stack(0x0000000016820000,0x0000000016920000)]
  0x0000000002ddc800 JavaThread "Finalizer" daemon [_thread_blocked, id=15580, stack(0x0000000016720000,0x0000000016820000)]
  0x0000000002dd1800 JavaThread "Reference Handler" daemon [_thread_blocked, id=672, stack(0x0000000016620000,0x0000000016720000)]
  0x00000000011ee800 JavaThread "main" [_thread_blocked, id=20136, stack(0x0000000002be0000,0x0000000002ce0000)]

Other Threads:
  0x0000000015474800 VMThread [stack: 0x0000000016520000,0x0000000016620000] [id=14864]
  0x000000001550e800 WatcherThread [stack: 0x0000000017220000,0x0000000017320000] [id=11580]

VM state:not at safepoint (normal execution)

VM Mutex/Monitor currently owned by a thread: None

Heap:
 PSYoungGen      total 210432K, used 4840K [0x00000000eab00000, 0x00000000fa080000, 0x0000000100000000)
  eden space 187392K, 2% used [0x00000000eab00000,0x00000000eafba110,0x00000000f6200000)
  from space 23040K, 0% used [0x00000000f7c00000,0x00000000f7c00000,0x00000000f9280000)
  to   space 26624K, 0% used [0x00000000f6200000,0x00000000f6200000,0x00000000f7c00000)
 ParOldGen       total 173056K, used 35259K [0x00000000c0000000, 0x00000000ca900000, 0x00000000eab00000)
  object space 173056K, 20% used [0x00000000c0000000,0x00000000c226ef80,0x00000000ca900000)
 Metaspace       used 57878K, capacity 59448K, committed 59672K, reserved 1101824K
  class space    used 7601K, capacity 7928K, committed 7968K, reserved 1048576K

Card table byte_map: [0x00000000121a0000,0x00000000123b0000] byte_map_base: 0x0000000011ba0000

Marking Bits: (ParMarkBitMap*) 0x000000005f3a9d00
 Begin Bits: [0x0000000012910000, 0x0000000013910000)
 End Bits:   [0x0000000013910000, 0x0000000014910000)

Polling page: 0x0000000000ec0000

CodeCache: size=245760Kb used=27383Kb max_used=27393Kb free=218376Kb
 bounds [0x0000000002de0000, 0x00000000048c0000, 0x0000000011de0000]
 total_blobs=8553 nmethods=7820 adapters=645
 compilation: enabled

Compilation events (10 events):
Event: 25.694 Thread 0x00000000154dd000 nmethod 9011 0x00000000048ad850 code [0x00000000048ad9e0, 0x00000000048add28]
Event: 25.694 Thread 0x00000000154dd000 9012       3       org.objectweb.asm.tree.TypeInsnNode::<init> (11 bytes)
Event: 25.694 Thread 0x00000000154dd000 nmethod 9012 0x00000000048ad3d0 code [0x00000000048ad540, 0x00000000048ad770]
Event: 25.694 Thread 0x00000000154dd000 9013       3       org.objectweb.asm.tree.MethodNode::<init> (125 bytes)
Event: 25.696 Thread 0x00000000154dd000 nmethod 9013 0x00000000048abcd0 code [0x00000000048abf00, 0x00000000048acbe8]
Event: 25.702 Thread 0x00000000154ae000 9014   !   4       java.util.zip.ZipFile::getInputStream (304 bytes)
Event: 25.703 Thread 0x00000000154b1000 9015       4       java.util.zip.ZipFile$ZipFileInflaterInputStream::<init> (29 bytes)
Event: 25.707 Thread 0x00000000154b1000 nmethod 9015 0x00000000048ab5d0 code [0x00000000048ab720, 0x00000000048aba58]
Event: 25.737 Thread 0x00000000154dd000 9016       3       java.net.URLClassLoader$1::run (5 bytes)
Event: 25.738 Thread 0x00000000154dd000 nmethod 9016 0x00000000048a9150 code [0x00000000048a92c0, 0x00000000048a9448]

GC Heap History (10 events):
Event: 13.439 GC heap before
{Heap before GC invocations=9 (full 2):
 PSYoungGen      total 130048K, used 124416K [0x00000000eab00000, 0x00000000f6480000, 0x0000000100000000)
  eden space 124416K, 100% used [0x00000000eab00000,0x00000000f2480000,0x00000000f2480000)
  from space 5632K, 0% used [0x00000000f3200000,0x00000000f3200000,0x00000000f3780000)
  to   space 13824K, 0% used [0x00000000f2480000,0x00000000f2480000,0x00000000f3200000)
 ParOldGen       total 119296K, used 18765K [0x00000000c0000000, 0x00000000c7480000, 0x00000000eab00000)
  object space 119296K, 15% used [0x00000000c0000000,0x00000000c1253620,0x00000000c7480000)
 Metaspace       used 41434K, capacity 42250K, committed 42664K, reserved 1085440K
  class space    used 5500K, capacity 5697K, committed 5808K, reserved 1048576K
Event: 13.463 GC heap after
Heap after GC invocations=9 (full 2):
 PSYoungGen      total 138240K, used 9546K [0x00000000eab00000, 0x00000000f6680000, 0x0000000100000000)
  eden space 124416K, 0% used [0x00000000eab00000,0x00000000eab00000,0x00000000f2480000)
  from space 13824K, 69% used [0x00000000f2480000,0x00000000f2dd29b8,0x00000000f3200000)
  to   space 13824K, 0% used [0x00000000f5900000,0x00000000f5900000,0x00000000f6680000)
 ParOldGen       total 119296K, used 18773K [0x00000000c0000000, 0x00000000c7480000, 0x00000000eab00000)
  object space 119296K, 15% used [0x00000000c0000000,0x00000000c1255620,0x00000000c7480000)
 Metaspace       used 41434K, capacity 42250K, committed 42664K, reserved 1085440K
  class space    used 5500K, capacity 5697K, committed 5808K, reserved 1048576K
}
Event: 15.933 GC heap before
{Heap before GC invocations=10 (full 2):
 PSYoungGen      total 138240K, used 133962K [0x00000000eab00000, 0x00000000f6680000, 0x0000000100000000)
  eden space 124416K, 100% used [0x00000000eab00000,0x00000000f2480000,0x00000000f2480000)
  from space 13824K, 69% used [0x00000000f2480000,0x00000000f2dd29b8,0x00000000f3200000)
  to   space 13824K, 0% used [0x00000000f5900000,0x00000000f5900000,0x00000000f6680000)
 ParOldGen       total 119296K, used 18773K [0x00000000c0000000, 0x00000000c7480000, 0x00000000eab00000)
  object space 119296K, 15% used [0x00000000c0000000,0x00000000c1255620,0x00000000c7480000)
 Metaspace       used 45479K, capacity 46548K, committed 46888K, reserved 1089536K
  class space    used 6084K, capacity 6322K, committed 6448K, reserved 1048576K
Event: 15.962 GC heap after
Heap after GC invocations=10 (full 2):
 PSYoungGen      total 175616K, used 13819K [0x00000000eab00000, 0x00000000f6c80000, 0x0000000100000000)
  eden space 161792K, 0% used [0x00000000eab00000,0x00000000eab00000,0x00000000f4900000)
  from space 13824K, 99% used [0x00000000f5900000,0x00000000f667ede0,0x00000000f6680000)
  to   space 16384K, 0% used [0x00000000f4900000,0x00000000f4900000,0x00000000f5900000)
 ParOldGen       total 119296K, used 19972K [0x00000000c0000000, 0x00000000c7480000, 0x00000000eab00000)
  object space 119296K, 16% used [0x00000000c0000000,0x00000000c1381228,0x00000000c7480000)
 Metaspace       used 45479K, capacity 46548K, committed 46888K, reserved 1089536K
  class space    used 6084K, capacity 6322K, committed 6448K, reserved 1048576K
}
Event: 22.829 GC heap before
{Heap before GC invocations=11 (full 2):
 PSYoungGen      total 175616K, used 175611K [0x00000000eab00000, 0x00000000f6c80000, 0x0000000100000000)
  eden space 161792K, 100% used [0x00000000eab00000,0x00000000f4900000,0x00000000f4900000)
  from space 13824K, 99% used [0x00000000f5900000,0x00000000f667ede0,0x00000000f6680000)
  to   space 16384K, 0% used [0x00000000f4900000,0x00000000f4900000,0x00000000f5900000)
 ParOldGen       total 119296K, used 19972K [0x00000000c0000000, 0x00000000c7480000, 0x00000000eab00000)
  object space 119296K, 16% used [0x00000000c0000000,0x00000000c1381228,0x00000000c7480000)
 Metaspace       used 54884K, capacity 56286K, committed 56616K, reserved 1097728K
  class space    used 7277K, capacity 7609K, committed 7728K, reserved 1048576K
Event: 22.867 GC heap after
Heap after GC invocations=11 (full 2):
 PSYoungGen      total 178176K, used 16380K [0x00000000eab00000, 0x00000000f9280000, 0x0000000100000000)
  eden space 161792K, 0% used [0x00000000eab00000,0x00000000eab00000,0x00000000f4900000)
  from space 16384K, 99% used [0x00000000f4900000,0x00000000f58ff318,0x00000000f5900000)
  to   space 23040K, 0% used [0x00000000f7c00000,0x00000000f7c00000,0x00000000f9280000)
 ParOldGen       total 119296K, used 31202K [0x00000000c0000000, 0x00000000c7480000, 0x00000000eab00000)
  object space 119296K, 26% used [0x00000000c0000000,0x00000000c1e78a08,0x00000000c7480000)
 Metaspace       used 54884K, capacity 56286K, committed 56616K, reserved 1097728K
  class space    used 7277K, capacity 7609K, committed 7728K, reserved 1048576K
}
Event: 25.189 GC heap before
{Heap before GC invocations=12 (full 2):
 PSYoungGen      total 178176K, used 102716K [0x00000000eab00000, 0x00000000f9280000, 0x0000000100000000)
  eden space 161792K, 53% used [0x00000000eab00000,0x00000000eff4fd38,0x00000000f4900000)
  from space 16384K, 99% used [0x00000000f4900000,0x00000000f58ff318,0x00000000f5900000)
  to   space 23040K, 0% used [0x00000000f7c00000,0x00000000f7c00000,0x00000000f9280000)
 ParOldGen       total 119296K, used 31202K [0x00000000c0000000, 0x00000000c7480000, 0x00000000eab00000)
  object space 119296K, 26% used [0x00000000c0000000,0x00000000c1e78a08,0x00000000c7480000)
 Metaspace       used 57552K, capacity 59046K, committed 59160K, reserved 1099776K
  class space    used 7553K, capacity 7857K, committed 7968K, reserved 1048576K
Event: 25.246 GC heap after
Heap after GC invocations=12 (full 2):
 PSYoungGen      total 210432K, used 23012K [0x00000000eab00000, 0x00000000fa080000, 0x0000000100000000)
  eden space 187392K, 0% used [0x00000000eab00000,0x00000000eab00000,0x00000000f6200000)
  from space 23040K, 99% used [0x00000000f7c00000,0x00000000f9279138,0x00000000f9280000)
  to   space 26624K, 0% used [0x00000000f6200000,0x00000000f6200000,0x00000000f7c00000)
 ParOldGen       total 119296K, used 31784K [0x00000000c0000000, 0x00000000c7480000, 0x00000000eab00000)
  object space 119296K, 26% used [0x00000000c0000000,0x00000000c1f0a0c0,0x00000000c7480000)
 Metaspace       used 57552K, capacity 59046K, committed 59160K, reserved 1099776K
  class space    used 7553K, capacity 7857K, committed 7968K, reserved 1048576K
}
Event: 25.246 GC heap before
{Heap before GC invocations=13 (full 3):
 PSYoungGen      total 210432K, used 23012K [0x00000000eab00000, 0x00000000fa080000, 0x0000000100000000)
  eden space 187392K, 0% used [0x00000000eab00000,0x00000000eab00000,0x00000000f6200000)
  from space 23040K, 99% used [0x00000000f7c00000,0x00000000f9279138,0x00000000f9280000)
  to   space 26624K, 0% used [0x00000000f6200000,0x00000000f6200000,0x00000000f7c00000)
 ParOldGen       total 119296K, used 31784K [0x00000000c0000000, 0x00000000c7480000, 0x00000000eab00000)
  object space 119296K, 26% used [0x00000000c0000000,0x00000000c1f0a0c0,0x00000000c7480000)
 Metaspace       used 57552K, capacity 59046K, committed 59160K, reserved 1099776K
  class space    used 7553K, capacity 7857K, committed 7968K, reserved 1048576K
Event: 25.581 GC heap after
Heap after GC invocations=13 (full 3):
 PSYoungGen      total 210432K, used 0K [0x00000000eab00000, 0x00000000fa080000, 0x0000000100000000)
  eden space 187392K, 0% used [0x00000000eab00000,0x00000000eab00000,0x00000000f6200000)
  from space 23040K, 0% used [0x00000000f7c00000,0x00000000f7c00000,0x00000000f9280000)
  to   space 26624K, 0% used [0x00000000f6200000,0x00000000f6200000,0x00000000f7c00000)
 ParOldGen       total 173056K, used 35259K [0x00000000c0000000, 0x00000000ca900000, 0x00000000eab00000)
  object space 173056K, 20% used [0x00000000c0000000,0x00000000c226ef80,0x00000000ca900000)
 Metaspace       used 57551K, capacity 59040K, committed 59160K, reserved 1099776K
  class space    used 7553K, capacity 7856K, committed 7968K, reserved 1048576K
}

Deoptimization events (10 events):
Event: 24.909 Thread 0x00000000180dc000 Uncommon trap: reason=unstable_if action=reinterpret pc=0x00000000047a76c0 method=java.net.URI.needsNormalization(Ljava/lang/String;)I @ 149
Event: 25.145 Thread 0x00000000180dc000 Uncommon trap: reason=class_check action=maybe_recompile pc=0x00000000047d3a80 method=sun.nio.cs.ThreadLocalCoders$1.hasName(Ljava/lang/Object;Ljava/lang/Object;)Z @ 8
Event: 25.608 Thread 0x00000000180dc000 Uncommon trap: reason=null_assert action=make_not_entrant pc=0x000000000397e82c method=java.util.zip.ZipEntry.setExtra0([BZ)V @ 269
Event: 25.608 Thread 0x00000000180dc000 Uncommon trap: reason=null_assert action=make_not_entrant pc=0x0000000002fbd64c method=java.util.zip.ZipEntry.<init>(Ljava/util/zip/ZipEntry;)V @ 70
Event: 25.616 Thread 0x00000000180dc000 Uncommon trap: reason=null_assert action=make_not_entrant pc=0x0000000003ce9c9c method=java.util.zip.ZipEntry.<init>(Ljava/util/zip/ZipEntry;)V @ 70
Event: 25.621 Thread 0x00000000180dc000 Uncommon trap: reason=null_assert action=make_not_entrant pc=0x0000000003035bbc method=java.util.zip.ZipEntry.<init>(Ljava/util/zip/ZipEntry;)V @ 70
Event: 25.621 Thread 0x00000000180dc000 Uncommon trap: reason=null_assert action=make_not_entrant pc=0x00000000030367c4 method=java.util.zip.ZipEntry.<init>(Ljava/util/zip/ZipEntry;)V @ 70
Event: 25.699 Thread 0x00000000180dc000 Uncommon trap: reason=class_check action=maybe_recompile pc=0x000000000446c50c method=java.net.URLClassLoader.defineClass(Ljava/lang/String;Lsun/misc/Resource;)Ljava/lang/Class; @ 34
Event: 25.702 Thread 0x00000000180dc000 Uncommon trap: reason=unstable_if action=reinterpret pc=0x000000000446c934 method=java.net.URLClassLoader.getAndVerifyPackage(Ljava/lang/String;Ljava/util/jar/Manifest;Ljava/net/URL;)Ljava/lang/Package; @ 62
Event: 25.703 Thread 0x00000000180dc000 Uncommon trap: reason=unstable_if action=reinterpret pc=0x00000000044847e4 method=java.net.URLClassLoader.getAndVerifyPackage(Ljava/lang/String;Ljava/util/jar/Manifest;Ljava/net/URL;)Ljava/lang/Package; @ 62

Internal exceptions (10 events):
Event: 16.490 Thread 0x00000000180dc000 Exception <a 'java/lang/ClassNotFoundException': org/gradle/platform/base/BinaryContainer_ImplCustomizer> (0x00000000ebf81fa0) thrown at [C:\src\android\AOSP-openjdk\external\jetbrains\jdk\hotspot\src\share\vm\classfile\systemDictionary.cpp, line 210]
Event: 16.932 Thread 0x00000000180dc000 Exception <a 'java/lang/NoSuchMethodError': <clinit>> (0x00000000ec4e4040) thrown at [C:\src\android\AOSP-openjdk\external\jetbrains\jdk\hotspot\src\share\vm\prims\jni.cpp, line 1591]
Event: 16.935 Thread 0x00000000180dc000 Exception <a 'java/lang/NoSuchMethodError': <clinit>> (0x00000000ec4f1028) thrown at [C:\src\android\AOSP-openjdk\external\jetbrains\jdk\hotspot\src\share\vm\prims\jni.cpp, line 1591]
Event: 17.157 Thread 0x00000000180dc000 Exception <a 'java/lang/NoSuchMethodError': <clinit>> (0x00000000ec712568) thrown at [C:\src\android\AOSP-openjdk\external\jetbrains\jdk\hotspot\src\share\vm\prims\jni.cpp, line 1591]
Event: 17.159 Thread 0x00000000180dc000 Exception <a 'java/lang/NoSuchMethodError': <clinit>> (0x00000000ec72ad78) thrown at [C:\src\android\AOSP-openjdk\external\jetbrains\jdk\hotspot\src\share\vm\prims\jni.cpp, line 1591]
Event: 17.159 Thread 0x00000000180dc000 Exception <a 'java/lang/NoSuchMethodError': <clinit>> (0x00000000ec72c290) thrown at [C:\src\android\AOSP-openjdk\external\jetbrains\jdk\hotspot\src\share\vm\prims\jni.cpp, line 1591]
Event: 19.133 Thread 0x00000000180dc000 Implicit null exception at 0x0000000003587b9d to 0x0000000003587c3d
Event: 19.137 Thread 0x00000000180dc000 Implicit null exception at 0x00000000035e1417 to 0x00000000035e155b
Event: 19.163 Thread 0x00000000180dc000 Implicit null exception at 0x00000000039fcfd0 to 0x00000000039fd001
Event: 24.814 Thread 0x00000000180dc000 Exception <a 'java/lang/NoSuchMethodError': <clinit>> (0x00000000ef514b30) thrown at [C:\src\android\AOSP-openjdk\external\jetbrains\jdk\hotspot\src\share\vm\prims\jni.cpp, line 1591]

Events (10 events):
Event: 25.734 Executing VM operation: Deoptimize
Event: 25.735 Executing VM operation: Deoptimize done
Event: 25.736 loading class com/google/common/collect/ImmutableListMultimap
Event: 25.736 loading class com/google/common/collect/ImmutableListMultimap done
Event: 25.737 loading class com/google/common/collect/ImmutableMultimap$1
Event: 25.737 loading class com/google/common/collect/ImmutableMultimap$1 done
Event: 25.739 loading class com/google/common/collect/ImmutableMultimap$Itr
Event: 25.739 loading class com/google/common/collect/ImmutableMultimap$Itr done
Event: 25.739 loading class com/google/common/collect/ImmutableMultimap$2
Event: 25.739 loading class com/google/common/collect/ImmutableMultimap$2 done


Dynamic libraries:
0x00007ff7515d0000 - 0x00007ff751601000 	C:\Program Files\Android\Android Studio\jre\bin\java.exe
0x00007ffe60fa0000 - 0x00007ffe61171000 	C:\WINDOWS\SYSTEM32\ntdll.dll
0x00007ffe5e9b0000 - 0x00007ffe5ea5b000 	C:\WINDOWS\System32\KERNEL32.DLL
0x00007ffe5e0f0000 - 0x00007ffe5e30d000 	C:\WINDOWS\System32\KERNELBASE.dll
0x00007ffe5f580000 - 0x00007ffe5f622000 	C:\WINDOWS\System32\ADVAPI32.dll
0x00007ffe5e730000 - 0x00007ffe5e7ce000 	C:\WINDOWS\System32\msvcrt.dll
0x00007ffe5eba0000 - 0x00007ffe5ebf9000 	C:\WINDOWS\System32\sechost.dll
0x00007ffe5e7d0000 - 0x00007ffe5e8f1000 	C:\WINDOWS\System32\RPCRT4.dll
0x00007ffe5f2b0000 - 0x00007ffe5f415000 	C:\WINDOWS\System32\USER32.dll
0x00007ffe5e020000 - 0x00007ffe5e03e000 	C:\WINDOWS\System32\win32u.dll
0x00007ffe5e900000 - 0x00007ffe5e934000 	C:\WINDOWS\System32\GDI32.dll
0x00007ffe5d590000 - 0x00007ffe5d712000 	C:\WINDOWS\System32\gdi32full.dll
0x00007ffe53810000 - 0x00007ffe53a8a000 	C:\WINDOWS\WinSxS\amd64_microsoft.windows.common-controls_6595b64144ccf1df_6.0.14393.351_none_4213128bc687e6d3\COMCTL32.dll
0x00007ffe5f760000 - 0x00007ffe5fa27000 	C:\WINDOWS\System32\combase.dll
0x00007ffe5e430000 - 0x00007ffe5e525000 	C:\WINDOWS\System32\ucrtbase.dll
0x00007ffe5e3c0000 - 0x00007ffe5e42a000 	C:\WINDOWS\System32\bcryptPrimitives.dll
0x00007ffe5f1c0000 - 0x00007ffe5f1ee000 	C:\WINDOWS\System32\IMM32.DLL
0x000000005e990000 - 0x000000005ea62000 	C:\Program Files\Android\Android Studio\jre\jre\bin\msvcr100.dll
0x000000005ebf0000 - 0x000000005f424000 	C:\Program Files\Android\Android Studio\jre\jre\bin\server\jvm.dll
0x00007ffe5f1b0000 - 0x00007ffe5f1b8000 	C:\WINDOWS\System32\PSAPI.DLL
0x00007ffe46b50000 - 0x00007ffe46b59000 	C:\WINDOWS\SYSTEM32\WSOCK32.dll
0x00007ffe5b8a0000 - 0x00007ffe5b8c3000 	C:\WINDOWS\SYSTEM32\WINMM.dll
0x00007ffe5f140000 - 0x00007ffe5f1aa000 	C:\WINDOWS\System32\WS2_32.dll
0x00007ffe5b840000 - 0x00007ffe5b86b000 	C:\WINDOWS\SYSTEM32\WINMMBASE.dll
0x00007ffe50960000 - 0x00007ffe5096a000 	C:\WINDOWS\SYSTEM32\VERSION.dll
0x00007ffe5d720000 - 0x00007ffe5d762000 	C:\WINDOWS\System32\cfgmgr32.dll
0x00007ffe56870000 - 0x00007ffe5687f000 	C:\Program Files\Android\Android Studio\jre\jre\bin\verify.dll
0x00007ffe52c20000 - 0x00007ffe52c49000 	C:\Program Files\Android\Android Studio\jre\jre\bin\java.dll
0x00007ffe54940000 - 0x00007ffe54956000 	C:\Program Files\Android\Android Studio\jre\jre\bin\zip.dll
0x00007ffe5fa90000 - 0x00007ffe60f99000 	C:\WINDOWS\System32\SHELL32.dll
0x00007ffe5d940000 - 0x00007ffe5e01a000 	C:\WINDOWS\System32\windows.storage.dll
0x00007ffe5d430000 - 0x00007ffe5d47c000 	C:\WINDOWS\System32\powrprof.dll
0x00007ffe5fa30000 - 0x00007ffe5fa82000 	C:\WINDOWS\System32\shlwapi.dll
0x00007ffe5d420000 - 0x00007ffe5d42f000 	C:\WINDOWS\System32\kernel.appcore.dll
0x00007ffe5e310000 - 0x00007ffe5e3b9000 	C:\WINDOWS\System32\shcore.dll
0x00007ffe5d400000 - 0x00007ffe5d414000 	C:\WINDOWS\System32\profapi.dll
0x00007ffe54680000 - 0x00007ffe5469a000 	C:\Program Files\Android\Android Studio\jre\jre\bin\net.dll
0x00007ffe5cb50000 - 0x00007ffe5cbac000 	C:\WINDOWS\system32\mswsock.dll
0x00007ffe52bc0000 - 0x00007ffe52bd1000 	C:\Program Files\Android\Android Studio\jre\jre\bin\nio.dll
0x00007ffe52490000 - 0x00007ffe524a2000 	C:\Users\alex\.gradle\native\19\windows-amd64\native-platform.dll
0x00007ffe5ce70000 - 0x00007ffe5ce87000 	C:\WINDOWS\SYSTEM32\CRYPTSP.dll
0x00007ffe5cd50000 - 0x00007ffe5cd83000 	C:\WINDOWS\system32\rsaenh.dll
0x00007ffe5d340000 - 0x00007ffe5d36b000 	C:\WINDOWS\SYSTEM32\bcrypt.dll
0x00007ffe5c9d0000 - 0x00007ffe5c9ef000 	C:\WINDOWS\SYSTEM32\USERENV.dll
0x00007ffe5d330000 - 0x00007ffe5d33b000 	C:\WINDOWS\SYSTEM32\CRYPTBASE.dll
0x00007ffe5c8e0000 - 0x00007ffe5c918000 	C:\WINDOWS\SYSTEM32\IPHLPAPI.DLL
0x00007ffe5ec00000 - 0x00007ffe5ec08000 	C:\WINDOWS\System32\NSI.dll
0x00007ffe56090000 - 0x00007ffe560a6000 	C:\WINDOWS\SYSTEM32\dhcpcsvc6.DLL
0x00007ffe561a0000 - 0x00007ffe561ba000 	C:\WINDOWS\SYSTEM32\dhcpcsvc.DLL
0x00007ffe56540000 - 0x00007ffe5654d000 	C:\Program Files\Android\Android Studio\jre\jre\bin\management.dll

VM Arguments:
jvm_args: -XX:MaxPermSize=256m -XX:+HeapDumpOnOutOfMemoryError -Xmx1024m -Dfile.encoding=windows-1252 -Duser.country=US -Duser.language=en -Duser.variant 
java_command: org.gradle.launcher.daemon.bootstrap.GradleDaemon 2.14.1
java_class_path (initial): C:\Users\alex\.gradle\wrapper\dists\gradle-2.14.1-all\8bnwg5hd3w55iofp58khbp6yv\gradle-2.14.1\lib\gradle-launcher-2.14.1.jar
Launcher Type: SUN_STANDARD

Environment Variables:
JAVA_HOME=C:\Program Files\Java\jdk1.8.0_101
PATH=C:\ProgramData\Oracle\Java\javapath;C:\Program Files (x86)\Lenovo\FusionEngine;C:\Program Files (x86)\Intel\iCLS Client\;C:\Program Files\Intel\iCLS Client\;C:\WINDOWS\system32;C:\WINDOWS;C:\WINDOWS\System32\Wbem;C:\WINDOWS\System32\WindowsPowerShell\v1.0\;C:\Program Files\Intel\Intel(R) Management Engine Components\DAL;C:\Program Files\Intel\Intel(R) Management Engine Components\IPT;C:\Program Files (x86)\Intel\Intel(R) Management Engine Components\DAL;C:\Program Files (x86)\Intel\Intel(R) Management Engine Components\IPT;C:\Program Files\Intel\WiFi\bin\;C:\Program Files\Common Files\Intel\WirelessCommon\;C:\Program Files (x86)\Lenovo\Motion Control\;C:\Program Files (x86)\Common Files\lenovo\easyplussdk\bin;C:\Program Files\TortoiseSVN\bin;C:\Program Files (x86)\Skype\Phone\;C:\Program Files\MATLAB\R2016a\runtime\win64;C:\Program Files\MATLAB\R2016a\bin;C:\Program Files\MATLAB\R2016a\polyspace\bin;C:\Program Files (x86)\Brackets\command;C:\Users\alex\AppData\Local\Android\sdk\platform-tools;C:\Users\alex\AppData\Local\Android\sdk\tools;C:\texlive\2015\bin\win32;C:\Users\alex\AppData\Local\Microsoft\WindowsApps;C:\Users\alex\AppData\Local\GitHub\PortableGit_63435a79518b44808827aa3194b76bea96231189\cmd
USERNAME=alex
OS=Windows_NT
PROCESSOR_IDENTIFIER=Intel64 Family 6 Model 69 Stepping 1, GenuineIntel



---------------  S Y S T E M  ---------------

OS: Windows 10.0 , 64 bit Build 14393 (10.0.14393.0)

CPU:total 4 (2 cores per cpu, 2 threads per core) family 6 model 69 stepping 1, cmov, cx8, fxsr, mmx, sse, sse2, sse3, ssse3, sse4.1, sse4.2, popcnt, avx, avx2, aes, clmul, erms, lzcnt, ht, tsc, tscinvbit, bmi1, bmi2

Memory: 4k page, physical 8307672k(1010800k free), swap 17488568k(4408k free)

vm_info: OpenJDK 64-Bit Server VM (25.76-b03) for windows-amd64 JRE (1.8.0_76-release-b03), built on Jun 29 2016 19:09:20 by "ralucas" with MS VC++ 10.0 (VS2010)

time: Sun Nov 06 16:32:20 2016
elapsed time: 25 seconds (0d 0h 0m 25s)

