#
# There is insufficient memory for the Java Runtime Environment to continue.
# Native memory allocation (malloc) failed to allocate 32744 bytes for ChunkPool::allocate
# Possible reasons:
#   The system is out of physical RAM or swap space
#   In 32 bit mode, the process size limit was hit
# Possible solutions:
#   Reduce memory load on the system
#   Increase physical memory or swap space
#   Check if swap backing store is full
#   Use 64 bit Java on a 64 bit OS
#   Decrease Java heap size (-Xmx/-Xms)
#   Decrease number of Java threads
#   Decrease Java thread stack sizes (-Xss)
#   Set larger code cache with -XX:ReservedCodeCacheSize=
# This output file may be truncated or incomplete.
#
#  Out of Memory Error (allocation.cpp:273), pid=11728, tid=0x0000000000001178
#
# JRE version: OpenJDK Runtime Environment (8.0_76-b03) (build 1.8.0_76-release-b03)
# Java VM: OpenJDK 64-Bit Server VM (25.76-b03 mixed mode windows-amd64 compressed oops)
# Failed to write core dump. Minidumps are not enabled by default on client versions of Windows
#

---------------  T H R E A D  ---------------

Current thread (0x000000001588c000):  JavaThread "C1 CompilerThread2" daemon [_thread_in_native, id=4472, stack(0x0000000017070000,0x0000000017170000)]

Stack: [0x0000000017070000,0x0000000017170000]
[error occurred during error reporting (printing stack bounds), id 0xc0000005]

Native frames: (J=compiled Java code, j=interpreted, Vv=VM code, C=native code)


Current CompileTask:
C1:   1225  579   !   3       com.android.dx.cf.code.BytecodeArray::parseInstruction (2764 bytes)


---------------  P R O C E S S  ---------------

Java Threads: ( => current thread )
  0x00000000173d9800 JavaThread "pool-2-thread-4" [_thread_in_Java, id=7352, stack(0x0000000017b70000,0x0000000017c70000)]
  0x00000000173d5800 JavaThread "pool-2-thread-3" [_thread_in_Java, id=14352, stack(0x0000000017a70000,0x0000000017b70000)]
  0x00000000173d4800 JavaThread "pool-2-thread-2" [_thread_in_vm, id=12360, stack(0x0000000017970000,0x0000000017a70000)]
  0x00000000173d3000 JavaThread "pool-3-thread-1" [_thread_blocked, id=18428, stack(0x0000000017870000,0x0000000017970000)]
  0x00000000173d0800 JavaThread "pool-2-thread-1" [_thread_in_Java, id=1180, stack(0x0000000017770000,0x0000000017870000)]
  0x0000000017179800 JavaThread "Service Thread" daemon [_thread_blocked, id=15516, stack(0x0000000017570000,0x0000000017670000)]
=>0x000000001588c000 JavaThread "C1 CompilerThread2" daemon [_thread_in_native, id=4472, stack(0x0000000017070000,0x0000000017170000)]
  0x0000000015829000 JavaThread "C2 CompilerThread1" daemon [_thread_in_vm, id=10704, stack(0x0000000016f70000,0x0000000017070000)]
  0x0000000015838000 JavaThread "C2 CompilerThread0" daemon [_thread_blocked, id=10732, stack(0x0000000016e70000,0x0000000016f70000)]
  0x0000000015836800 JavaThread "Attach Listener" daemon [_thread_blocked, id=8028, stack(0x0000000016d70000,0x0000000016e70000)]
  0x0000000015835800 JavaThread "Signal Dispatcher" daemon [_thread_blocked, id=7380, stack(0x0000000016c70000,0x0000000016d70000)]
  0x0000000003155800 JavaThread "Finalizer" daemon [_thread_blocked, id=15260, stack(0x0000000016a80000,0x0000000016b80000)]
  0x0000000003150800 JavaThread "Reference Handler" daemon [_thread_blocked, id=768, stack(0x0000000016980000,0x0000000016a80000)]
  0x0000000002eed800 JavaThread "main" [_thread_in_Java, id=17452, stack(0x0000000002f60000,0x0000000003060000)]

Other Threads:
  0x00000000157f5800 VMThread [stack: 0x0000000016880000,0x0000000016980000] [id=12676]
  0x000000001717b800 WatcherThread [stack: 0x0000000017670000,0x0000000017770000] [id=6496]

VM state:not at safepoint (normal execution)

VM Mutex/Monitor currently owned by a thread: None

Heap:
 PSYoungGen      total 38400K, used 15594K [0x00000000eab00000, 0x00000000ed580000, 0x0000000100000000)
  eden space 33280K, 46% used [0x00000000eab00000,0x00000000eba3aa38,0x00000000ecb80000)
  from space 5120K, 0% used [0x00000000ed080000,0x00000000ed080000,0x00000000ed580000)
  to   space 5120K, 0% used [0x00000000ecb80000,0x00000000ecb80000,0x00000000ed080000)
 ParOldGen       total 87552K, used 0K [0x00000000c0000000, 0x00000000c5580000, 0x00000000eab00000)
  object space 87552K, 0% used [0x00000000c0000000,0x00000000c0000000,0x00000000c5580000)
 Metaspace       used 5499K, capacity 6512K, committed 6784K, reserved 1056768K
  class space    used 569K, capacity 616K, committed 640K, reserved 1048576K

Card table byte_map: [0x0000000012520000,0x0000000012730000] byte_map_base: 0x0000000011f20000

Marking Bits: (ParMarkBitMap*) 0x0000000067479d00
 Begin Bits: [0x0000000012c90000, 0x0000000013c90000)
 End Bits:   [0x0000000013c90000, 0x0000000014c90000)

Polling page: 0x0000000001300000

CodeCache: size=245760Kb used=2260Kb max_used=2272Kb free=243499Kb
 bounds [0x0000000003160000, 0x00000000033d0000, 0x0000000012160000]
 total_blobs=856 nmethods=588 adapters=182
 compilation: enabled

Compilation events (10 events):
Event: 1.201 Thread 0x000000001588c000 nmethod 586 0x0000000003393490 code [0x00000000033936c0, 0x0000000003394428]
Event: 1.201 Thread 0x000000001588c000  584       3       com.android.dx.rop.code.RegisterSpec::make (7 bytes)
Event: 1.201 Thread 0x000000001588c000 nmethod 584 0x0000000003393110 code [0x0000000003393280, 0x00000000033933e8]
Event: 1.201 Thread 0x000000001588c000  592   !   3       com.android.dx.ssa.LocalVariableInfo::getStarts0 (18 bytes)
Event: 1.201 Thread 0x000000001588c000 nmethod 592 0x0000000003392b90 code [0x0000000003392d00, 0x0000000003392f68]
Event: 1.201 Thread 0x000000001588c000  579   !   3       com.android.dx.cf.code.BytecodeArray::parseInstruction (2764 bytes)
Event: 1.201 Thread 0x0000000015838000 nmethod 589 0x00000000033928d0 code [0x0000000003392a00, 0x0000000003392ab8]
Event: 1.201 Thread 0x0000000015838000  577       4       com.android.dx.util.Bits::clear (21 bytes)
Event: 1.202 Thread 0x0000000015838000 nmethod 577 0x0000000003392650 code [0x0000000003392780, 0x0000000003392818]
Event: 1.209 Thread 0x0000000015829000 nmethod 571 0x0000000003395ad0 code [0x0000000003395d60, 0x0000000003396670]

GC Heap History (0 events):
No events

Deoptimization events (4 events):
Event: 0.388 Thread 0x0000000002eed800 Uncommon trap: reason=unstable_if action=reinterpret pc=0x00000000032abe10 method=java.lang.String.indexOf(II)I @ 49
Event: 1.115 Thread 0x00000000173d0800 Uncommon trap: reason=unstable_if action=reinterpret pc=0x00000000033724dc method=java.util.HashMap.getNode(ILjava/lang/Object;)Ljava/util/HashMap$Node; @ 129
Event: 1.159 Thread 0x00000000173d0800 Uncommon trap: reason=unstable_if action=reinterpret pc=0x0000000003383670 method=java.util.BitSet.nextSetBit(I)I @ 87
Event: 1.178 Thread 0x0000000002eed800 Uncommon trap: reason=unstable_if action=reinterpret pc=0x0000000003344828 method=java.lang.String.<init>([CII)V @ 18

Internal exceptions (2 events):
Event: 0.047 Thread 0x0000000002eed800 Exception <a 'java/lang/NoSuchMethodError': Method sun.misc.Unsafe.defineClass(Ljava/lang/String;[BII)Ljava/lang/Class; name or signature does not match> (0x00000000eab07cc0) thrown at [C:\src\android\AOSP-openjdk\external\jetbrains\jdk\hotspot\src\share\vNèe6®?
Event: 0.047 Thread 0x0000000002eed800 Exception <a 'java/lang/NoSuchMethodError': Method sun.misc.Unsafe.prefetchRead(Ljava/lang/Object;J)V name or signature does not match> (0x00000000eab07fa8) thrown at [C:\src\android\AOSP-openjdk\external\jetbrains\jdk\hotspot\src\share\vm\prims\jni.cpp, l

Events (10 events):
Event: 1.116 Thread 0x00000000173d0800 DEOPT PACKING pc=0x00000000033724dc sp=0x000000001786e480
Event: 1.116 Thread 0x00000000173d0800 DEOPT UNPACKING pc=0x00000000031a556a sp=0x000000001786e3f8 mode 2
Event: 1.158 loading class com/android/dx/dex/file/FieldAnnotationStruct
Event: 1.158 loading class com/android/dx/dex/file/FieldAnnotationStruct done
Event: 1.159 Thread 0x00000000173d0800 Uncommon trap: trap_request=0xffffff65 fr.pc=0x0000000003383670
Event: 1.159 Thread 0x00000000173d0800 DEOPT PACKING pc=0x0000000003383670 sp=0x000000001786e6f0
Event: 1.159 Thread 0x00000000173d0800 DEOPT UNPACKING pc=0x00000000031a556a sp=0x000000001786e688 mode 2
Event: 1.178 Thread 0x0000000002eed800 Uncommon trap: trap_request=0xffffff65 fr.pc=0x0000000003344828
Event: 1.178 Thread 0x0000000002eed800 DEOPT PACKING pc=0x0000000003344828 sp=0x000000000305e100
Event: 1.178 Thread 0x0000000002eed800 DEOPT UNPACKING pc=0x00000000031a556a sp=0x000000000305e0c8 mode 2


Dynamic libraries:
0x00007ff6e7420000 - 0x00007ff6e7451000 	C:\Program Files\Android\Android Studio\jre\bin\java.exe
0x00007ffc551a0000 - 0x00007ffc55371000 	C:\WINDOWS\SYSTEM32\ntdll.dll
0x00007ffc527c0000 - 0x00007ffc5286b000 	C:\WINDOWS\System32\KERNEL32.DLL
0x00007ffc52060000 - 0x00007ffc5227d000 	C:\WINDOWS\System32\KERNELBASE.dll
0x00007ffc540b0000 - 0x00007ffc54152000 	C:\WINDOWS\System32\ADVAPI32.dll
0x00007ffc54f40000 - 0x00007ffc54fde000 	C:\WINDOWS\System32\msvcrt.dll
0x00007ffc53d80000 - 0x00007ffc53dd9000 	C:\WINDOWS\System32\sechost.dll
0x00007ffc54450000 - 0x00007ffc54571000 	C:\WINDOWS\System32\RPCRT4.dll
0x00007ffc53f40000 - 0x00007ffc540a5000 	C:\WINDOWS\System32\USER32.dll
0x00007ffc52710000 - 0x00007ffc5272e000 	C:\WINDOWS\System32\win32u.dll
0x00007ffc550b0000 - 0x00007ffc550e4000 	C:\WINDOWS\System32\GDI32.dll
0x00007ffc52580000 - 0x00007ffc52702000 	C:\WINDOWS\System32\gdi32full.dll
0x00007ffc43d20000 - 0x00007ffc43f99000 	C:\WINDOWS\WinSxS\amd64_microsoft.windows.common-controls_6595b64144ccf1df_6.0.14393.447_none_42191651c6827bb3\COMCTL32.dll
0x00007ffc54640000 - 0x00007ffc54907000 	C:\WINDOWS\System32\combase.dll
0x00007ffc52380000 - 0x00007ffc52475000 	C:\WINDOWS\System32\ucrtbase.dll
0x00007ffc51ff0000 - 0x00007ffc5205a000 	C:\WINDOWS\System32\bcryptPrimitives.dll
0x00007ffc550f0000 - 0x00007ffc5511e000 	C:\WINDOWS\System32\IMM32.DLL
0x0000000066b00000 - 0x0000000066bd2000 	C:\Program Files\Android\Android Studio\jre\jre\bin\msvcr100.dll
0x0000000066cc0000 - 0x00000000674f4000 	C:\Program Files\Android\Android Studio\jre\jre\bin\server\jvm.dll
0x00007ffc52730000 - 0x00007ffc52738000 	C:\WINDOWS\System32\PSAPI.DLL
0x00007ffc38750000 - 0x00007ffc38759000 	C:\WINDOWS\SYSTEM32\WSOCK32.dll
0x00007ffc55120000 - 0x00007ffc5518a000 	C:\WINDOWS\System32\WS2_32.dll
0x00007ffc4f440000 - 0x00007ffc4f463000 	C:\WINDOWS\SYSTEM32\WINMM.dll
0x00007ffc41870000 - 0x00007ffc4187a000 	C:\WINDOWS\SYSTEM32\VERSION.dll
0x00007ffc4f3e0000 - 0x00007ffc4f40b000 	C:\WINDOWS\SYSTEM32\WINMMBASE.dll
0x00007ffc52480000 - 0x00007ffc524c2000 	C:\WINDOWS\System32\cfgmgr32.dll
0x00007ffc4ee10000 - 0x00007ffc4ee1f000 	C:\Program Files\Android\Android Studio\jre\jre\bin\verify.dll
0x00007ffc3e6c0000 - 0x00007ffc3e6e9000 	C:\Program Files\Android\Android Studio\jre\jre\bin\java.dll
0x00007ffc48c10000 - 0x00007ffc48c26000 	C:\Program Files\Android\Android Studio\jre\jre\bin\zip.dll
0x00007ffc52870000 - 0x00007ffc53d79000 	C:\WINDOWS\System32\SHELL32.dll
0x00007ffc51690000 - 0x00007ffc51d6a000 	C:\WINDOWS\System32\windows.storage.dll
0x00007ffc51630000 - 0x00007ffc5167c000 	C:\WINDOWS\System32\powrprof.dll
0x00007ffc52760000 - 0x00007ffc527b2000 	C:\WINDOWS\System32\shlwapi.dll
0x00007ffc51620000 - 0x00007ffc5162f000 	C:\WINDOWS\System32\kernel.appcore.dll
0x00007ffc51f40000 - 0x00007ffc51fe9000 	C:\WINDOWS\System32\shcore.dll
0x00007ffc51600000 - 0x00007ffc51614000 	C:\WINDOWS\System32\profapi.dll

VM Arguments:
jvm_args: -Djava.awt.headless=true -Xmx1024M -Dfile.encoding=windows-1252 -Duser.country=US -Duser.language=en -Duser.variant 
java_command: com.android.dx.command.Main --dex --force-jumbo --num-threads=4 --multi-dex --output C:\Users\alex\AndroidStudioProjects\Frontend\app\build\intermediates\transforms\dex\debug\folders\1000\2\gson-2.8.0_d19f699a5906d81136fe037e53514dfa3e79da16 C:\Users\alex\AndroidStudioProjects\Frontend\app\libs\gson-2.8.0.jar
java_class_path (initial): C:\Users\alex\AppData\Local\Android\sdk\build-tools\25.0.0\lib\dx.jar
Launcher Type: SUN_STANDARD

Environment Variables:
JAVA_HOME=C:\Program Files\Java\jdk1.8.0_101
PATH=C:\ProgramData\Oracle\Java\javapath;C:\Program Files (x86)\Lenovo\FusionEngine;C:\Program Files (x86)\Intel\iCLS Client\;C:\Program Files\Intel\iCLS Client\;C:\WINDOWS\system32;C:\WINDOWS;C:\WINDOWS\System32\Wbem;C:\WINDOWS\System32\WindowsPowerShell\v1.0\;C:\Program Files\Intel\Intel(R) Management Engine Components\DAL;C:\Program Files\Intel\Intel(R) Management Engine Components\IPT;C:\Program Files (x86)\Intel\Intel(R) Management Engine Components\DAL;C:\Program Files (x86)\Intel\Intel(R) Management Engine Components\IPT;C:\Program Files\Intel\WiFi\bin\;C:\Program Files\Common Files\Intel\WirelessCommon\;C:\Program Files (x86)\Lenovo\Motion Control\;C:\Program Files (x86)\Common Files\lenovo\easyplussdk\bin;C:\Program Files\TortoiseSVN\bin;C:\Program Files (x86)\Skype\Phone\;C:\Program Files\MATLAB\R2016a\runtime\win64;C:\Program Files\MATLAB\R2016a\bin;C:\Program Files\MATLAB\R2016a\polyspace\bin;C:\Program Files (x86)\Brackets\command;C:\Users\alex\AppData\Local\Android\sdk\platform-tools;C:\Users\alex\AppData\Local\Android\sdk\tools;C:\Program Files\Git\cmd;C:\texlive\2015\bin\win32;C:\Users\alex\AppData\Local\Microsoft\WindowsApps;C:\Users\alex\AppData\Local\GitHub\PortableGit_63435a79518b44808827aa3194b76bea96231189\cmd;C:\Program Files\Git\cmd
USERNAME=alex
OS=Windows_NT
PROCESSOR_IDENTIFIER=Intel64 Family 6 Model 69 Stepping 1, GenuineIntel



---------------  S Y S T E M  ---------------

OS: Windows 10.0 , 64 bit Build 14393 (10.0.14393.0)

CPU:total 4 (2 cores per cpu, 2 threads per core) family 6 model 69 stepping 1, cmov, cx8, fxsr, mmx, sse, sse2, sse3, ssse3, sse4.1, sse4.2, popcnt, avx, avx2, aes, clmul, erms, lzcnt, ht, tsc, tscinvbit, bmi1, bmi2

Memory: 4k page, physical 8307672k(994632k free), swap 17881196k(3072k free)

vm_info: OpenJDK 64-Bit Server VM (25.76-b03) for windows-amd64 JRE (1.8.0_76-release-b03), built on Jun 29 2016 19:09:20 by "ralucas" with MS VC++ 10.0 (VS2010)

time: Sun Dec 04 16:20:23 2016
elapsed time: 1 seconds (0d 0h 0m 1s)

