#
# There is insufficient memory for the Java Runtime Environment to continue.
# Native memory allocation (malloc) failed to allocate 32744 bytes for ChunkPool::allocate
# Possible reasons:
#   The system is out of physical RAM or swap space
#   In 32 bit mode, the process size limit was hit
# Possible solutions:
#   Reduce memory load on the system
#   Increase physical memory or swap space
#   Check if swap backing store is full
#   Use 64 bit Java on a 64 bit OS
#   Decrease Java heap size (-Xmx/-Xms)
#   Decrease number of Java threads
#   Decrease Java thread stack sizes (-Xss)
#   Set larger code cache with -XX:ReservedCodeCacheSize=
# This output file may be truncated or incomplete.
#
#  Out of Memory Error (allocation.cpp:273), pid=5272, tid=0x0000000000000950
#
# JRE version: OpenJDK Runtime Environment (8.0_76-b03) (build 1.8.0_76-release-b03)
# Java VM: OpenJDK 64-Bit Server VM (25.76-b03 mixed mode windows-amd64 compressed oops)
# Failed to write core dump. Minidumps are not enabled by default on client versions of Windows
#

---------------  T H R E A D  ---------------

Current thread (0x0000000015512800):  JavaThread "C1 CompilerThread2" daemon [_thread_in_native, id=2384, stack(0x0000000017160000,0x0000000017260000)]

Stack: [0x0000000017160000,0x0000000017260000]
[error occurred during error reporting (printing stack bounds), id 0xc0000005]

Native frames: (J=compiled Java code, j=interpreted, Vv=VM code, C=native code)


Current CompileTask:
C1:    977  523   !   3       com.android.dx.cf.code.BytecodeArray::parseInstruction (2764 bytes)


---------------  P R O C E S S  ---------------

Java Threads: ( => current thread )
  0x0000000016fd1800 JavaThread "pool-2-thread-4" [_thread_in_Java, id=12052, stack(0x0000000017860000,0x0000000017960000)]
  0x0000000016fd1000 JavaThread "pool-2-thread-3" [_thread_blocked, id=7328, stack(0x0000000017760000,0x0000000017860000)]
  0x0000000016eb9000 JavaThread "pool-2-thread-2" [_thread_blocked, id=9384, stack(0x0000000017660000,0x0000000017760000)]
  0x0000000016eb3000 JavaThread "pool-3-thread-1" [_thread_blocked, id=11224, stack(0x0000000017560000,0x0000000017660000)]
  0x0000000016eb2800 JavaThread "pool-2-thread-1" [_thread_blocked, id=12192, stack(0x0000000017460000,0x0000000017560000)]
  0x0000000016d64800 JavaThread "Service Thread" daemon [_thread_blocked, id=17716, stack(0x0000000017260000,0x0000000017360000)]
=>0x0000000015512800 JavaThread "C1 CompilerThread2" daemon [_thread_in_native, id=2384, stack(0x0000000017160000,0x0000000017260000)]
  0x0000000015509000 JavaThread "C2 CompilerThread1" daemon [_thread_blocked, id=16876, stack(0x0000000016c60000,0x0000000016d60000)]
  0x0000000015518800 JavaThread "C2 CompilerThread0" daemon [_thread_blocked, id=15984, stack(0x0000000016b60000,0x0000000016c60000)]
  0x0000000015517000 JavaThread "Attach Listener" daemon [_thread_blocked, id=12256, stack(0x0000000016a60000,0x0000000016b60000)]
  0x0000000015515800 JavaThread "Signal Dispatcher" daemon [_thread_blocked, id=7064, stack(0x0000000016960000,0x0000000016a60000)]
  0x0000000002e15800 JavaThread "Finalizer" daemon [_thread_blocked, id=2816, stack(0x0000000016760000,0x0000000016860000)]
  0x0000000002e10800 JavaThread "Reference Handler" daemon [_thread_blocked, id=8280, stack(0x0000000016660000,0x0000000016760000)]
  0x0000000002c0d800 JavaThread "main" [_thread_in_vm, id=3728, stack(0x0000000002c20000,0x0000000002d20000)]

Other Threads:
  0x00000000154d6000 VMThread [stack: 0x0000000016560000,0x0000000016660000] [id=16716]
  0x0000000016d66800 WatcherThread [stack: 0x0000000017360000,0x0000000017460000] [id=17668]

VM state:not at safepoint (normal execution)

VM Mutex/Monitor currently owned by a thread: None

Heap:
 PSYoungGen      total 38400K, used 12684K [0x00000000eab00000, 0x00000000ed580000, 0x0000000100000000)
  eden space 33280K, 38% used [0x00000000eab00000,0x00000000eb763380,0x00000000ecb80000)
  from space 5120K, 0% used [0x00000000ed080000,0x00000000ed080000,0x00000000ed580000)
  to   space 5120K, 0% used [0x00000000ecb80000,0x00000000ecb80000,0x00000000ed080000)
 ParOldGen       total 87552K, used 0K [0x00000000c0000000, 0x00000000c5580000, 0x00000000eab00000)
  object space 87552K, 0% used [0x00000000c0000000,0x00000000c0000000,0x00000000c5580000)
 Metaspace       used 5287K, capacity 6512K, committed 6784K, reserved 1056768K
  class space    used 557K, capacity 616K, committed 640K, reserved 1048576K

Card table byte_map: [0x00000000121e0000,0x00000000123f0000] byte_map_base: 0x0000000011be0000

Marking Bits: (ParMarkBitMap*) 0x0000000067479d00
 Begin Bits: [0x0000000012950000, 0x0000000013950000)
 End Bits:   [0x0000000013950000, 0x0000000014950000)

Polling page: 0x00000000014f0000

CodeCache: size=245760Kb used=2144Kb max_used=2144Kb free=243615Kb
 bounds [0x0000000002e20000, 0x0000000003090000, 0x0000000011e20000]
 total_blobs=771 nmethods=507 adapters=176
 compilation: enabled

Compilation events (10 events):
Event: 0.960 Thread 0x0000000015512800 nmethod 510 0x0000000003036310 code [0x00000000030364a0, 0x0000000003036948]
Event: 0.961 Thread 0x0000000015512800  527       1       com.android.dx.util.Bits::getMax (6 bytes)
Event: 0.961 Thread 0x0000000015512800 nmethod 527 0x0000000003036b10 code [0x0000000003036c60, 0x0000000003036d50]
Event: 0.961 Thread 0x0000000015512800  524       3       com.android.dx.ssa.NormalSsaInsn::hasSideEffect (76 bytes)
Event: 0.961 Thread 0x0000000015512800 nmethod 524 0x0000000003036dd0 code [0x0000000003036f60, 0x0000000003037588]
Event: 0.961 Thread 0x0000000015512800  508       3       java.util.BitSet::clear (70 bytes)
Event: 0.962 Thread 0x0000000015512800 nmethod 508 0x00000000030376d0 code [0x00000000030378e0, 0x00000000030382b8]
Event: 0.962 Thread 0x0000000015512800  519       3       com.android.dx.ssa.DeadCodeRemover$NoSideEffectVisitor::visitNonMoveInsn (28 bytes)
Event: 0.962 Thread 0x0000000015512800 nmethod 519 0x0000000003038790 code [0x0000000003038920, 0x0000000003038db8]
Event: 0.962 Thread 0x0000000015512800  523   !   3       com.android.dx.cf.code.BytecodeArray::parseInstruction (2764 bytes)

GC Heap History (0 events):
No events

Deoptimization events (1 events):
Event: 0.541 Thread 0x0000000002c0d800 Uncommon trap: reason=unstable_if action=reinterpret pc=0x0000000002f567d4 method=java.lang.String.indexOf(II)I @ 49

Internal exceptions (2 events):
Event: 0.106 Thread 0x0000000002c0d800 Exception <a 'java/lang/NoSuchMethodError': Method sun.misc.Unsafe.defineClass(Ljava/lang/String;[BII)Ljava/lang/Class; name or signature does not match> (0x00000000eab07cc0) thrown at [C:\src\android\AOSP-openjdk\external\jetbrains\jdk\hotspot\src\share\v¹L›¼"»?
Event: 0.106 Thread 0x0000000002c0d800 Exception <a 'java/lang/NoSuchMethodError': Method sun.misc.Unsafe.prefetchRead(Ljava/lang/Object;J)V name or signature does not match> (0x00000000eab07fa8) thrown at [C:\src\android\AOSP-openjdk\external\jetbrains\jdk\hotspot\src\share\vm\prims\jni.cpp, l

Events (10 events):
Event: 0.888 loading class com/android/dx/ssa/PhiInsn$Operand
Event: 0.888 loading class com/android/dx/ssa/PhiInsn$Operand done
Event: 0.945 loading class com/android/dx/cf/code/Ropper$ExceptionHandlerSetup
Event: 0.945 loading class com/android/dx/cf/code/Ropper$ExceptionHandlerSetup done
Event: 0.949 loading class java/util/HashMap$Values
Event: 0.950 loading class java/util/HashMap$Values done
Event: 0.950 loading class java/util/HashMap$ValueIterator
Event: 0.950 loading class java/util/HashMap$ValueIterator done
Event: 0.961 loading class com/android/dx/ssa/back/FirstFitLocalCombiningAllocator$Multiset
Event: 0.961 loading class com/android/dx/ssa/back/FirstFitLocalCombiningAllocator$Multiset done


Dynamic libraries:
0x00007ff6e7420000 - 0x00007ff6e7451000 	C:\Program Files\Android\Android Studio\jre\bin\java.exe
0x00007ffc551a0000 - 0x00007ffc55371000 	C:\WINDOWS\SYSTEM32\ntdll.dll
0x00007ffc527c0000 - 0x00007ffc5286b000 	C:\WINDOWS\System32\KERNEL32.DLL
0x00007ffc52060000 - 0x00007ffc5227d000 	C:\WINDOWS\System32\KERNELBASE.dll
0x00007ffc540b0000 - 0x00007ffc54152000 	C:\WINDOWS\System32\ADVAPI32.dll
0x00007ffc54f40000 - 0x00007ffc54fde000 	C:\WINDOWS\System32\msvcrt.dll
0x00007ffc53d80000 - 0x00007ffc53dd9000 	C:\WINDOWS\System32\sechost.dll
0x00007ffc54450000 - 0x00007ffc54571000 	C:\WINDOWS\System32\RPCRT4.dll
0x00007ffc53f40000 - 0x00007ffc540a5000 	C:\WINDOWS\System32\USER32.dll
0x00007ffc52710000 - 0x00007ffc5272e000 	C:\WINDOWS\System32\win32u.dll
0x00007ffc550b0000 - 0x00007ffc550e4000 	C:\WINDOWS\System32\GDI32.dll
0x00007ffc52580000 - 0x00007ffc52702000 	C:\WINDOWS\System32\gdi32full.dll
0x00007ffc43d20000 - 0x00007ffc43f99000 	C:\WINDOWS\WinSxS\amd64_microsoft.windows.common-controls_6595b64144ccf1df_6.0.14393.447_none_42191651c6827bb3\COMCTL32.dll
0x00007ffc54640000 - 0x00007ffc54907000 	C:\WINDOWS\System32\combase.dll
0x00007ffc52380000 - 0x00007ffc52475000 	C:\WINDOWS\System32\ucrtbase.dll
0x00007ffc51ff0000 - 0x00007ffc5205a000 	C:\WINDOWS\System32\bcryptPrimitives.dll
0x00007ffc550f0000 - 0x00007ffc5511e000 	C:\WINDOWS\System32\IMM32.DLL
0x0000000066b00000 - 0x0000000066bd2000 	C:\Program Files\Android\Android Studio\jre\jre\bin\msvcr100.dll
0x0000000066cc0000 - 0x00000000674f4000 	C:\Program Files\Android\Android Studio\jre\jre\bin\server\jvm.dll
0x00007ffc52730000 - 0x00007ffc52738000 	C:\WINDOWS\System32\PSAPI.DLL
0x00007ffc38750000 - 0x00007ffc38759000 	C:\WINDOWS\SYSTEM32\WSOCK32.dll
0x00007ffc55120000 - 0x00007ffc5518a000 	C:\WINDOWS\System32\WS2_32.dll
0x00007ffc4f440000 - 0x00007ffc4f463000 	C:\WINDOWS\SYSTEM32\WINMM.dll
0x00007ffc41870000 - 0x00007ffc4187a000 	C:\WINDOWS\SYSTEM32\VERSION.dll
0x00007ffc4f3e0000 - 0x00007ffc4f40b000 	C:\WINDOWS\SYSTEM32\WINMMBASE.dll
0x00007ffc52480000 - 0x00007ffc524c2000 	C:\WINDOWS\System32\cfgmgr32.dll
0x00007ffc4ee10000 - 0x00007ffc4ee1f000 	C:\Program Files\Android\Android Studio\jre\jre\bin\verify.dll
0x00007ffc3e6c0000 - 0x00007ffc3e6e9000 	C:\Program Files\Android\Android Studio\jre\jre\bin\java.dll
0x00007ffc48c10000 - 0x00007ffc48c26000 	C:\Program Files\Android\Android Studio\jre\jre\bin\zip.dll
0x00007ffc52870000 - 0x00007ffc53d79000 	C:\WINDOWS\System32\SHELL32.dll
0x00007ffc51690000 - 0x00007ffc51d6a000 	C:\WINDOWS\System32\windows.storage.dll
0x00007ffc51630000 - 0x00007ffc5167c000 	C:\WINDOWS\System32\powrprof.dll
0x00007ffc52760000 - 0x00007ffc527b2000 	C:\WINDOWS\System32\shlwapi.dll
0x00007ffc51620000 - 0x00007ffc5162f000 	C:\WINDOWS\System32\kernel.appcore.dll
0x00007ffc51f40000 - 0x00007ffc51fe9000 	C:\WINDOWS\System32\shcore.dll
0x00007ffc51600000 - 0x00007ffc51614000 	C:\WINDOWS\System32\profapi.dll

VM Arguments:
jvm_args: -Djava.awt.headless=true -Xmx1024M -Dfile.encoding=windows-1252 -Duser.country=US -Duser.language=en -Duser.variant 
java_command: com.android.dx.command.Main --dex --force-jumbo --num-threads=4 --multi-dex --output C:\Users\alex\AndroidStudioProjects\Frontend\app\build\intermediates\transforms\dex\debug\folders\1000\10\com.android.support-support-vector-drawable-25.0.1_913f83bfb775fe0390408b676d2ea0f179316a65 C:\Users\alex\AndroidStudioProjects\Frontend\app\build\intermediates\exploded-aar\com.android.support\support-vector-drawable\25.0.1\jars\classes.jar
java_class_path (initial): C:\Users\alex\AppData\Local\Android\sdk\build-tools\25.0.0\lib\dx.jar
Launcher Type: SUN_STANDARD

Environment Variables:
JAVA_HOME=C:\Program Files\Java\jdk1.8.0_101
PATH=C:\ProgramData\Oracle\Java\javapath;C:\Program Files (x86)\Lenovo\FusionEngine;C:\Program Files (x86)\Intel\iCLS Client\;C:\Program Files\Intel\iCLS Client\;C:\WINDOWS\system32;C:\WINDOWS;C:\WINDOWS\System32\Wbem;C:\WINDOWS\System32\WindowsPowerShell\v1.0\;C:\Program Files\Intel\Intel(R) Management Engine Components\DAL;C:\Program Files\Intel\Intel(R) Management Engine Components\IPT;C:\Program Files (x86)\Intel\Intel(R) Management Engine Components\DAL;C:\Program Files (x86)\Intel\Intel(R) Management Engine Components\IPT;C:\Program Files\Intel\WiFi\bin\;C:\Program Files\Common Files\Intel\WirelessCommon\;C:\Program Files (x86)\Lenovo\Motion Control\;C:\Program Files (x86)\Common Files\lenovo\easyplussdk\bin;C:\Program Files\TortoiseSVN\bin;C:\Program Files (x86)\Skype\Phone\;C:\Program Files\MATLAB\R2016a\runtime\win64;C:\Program Files\MATLAB\R2016a\bin;C:\Program Files\MATLAB\R2016a\polyspace\bin;C:\Program Files (x86)\Brackets\command;C:\Users\alex\AppData\Local\Android\sdk\platform-tools;C:\Users\alex\AppData\Local\Android\sdk\tools;C:\Program Files\Git\cmd;C:\texlive\2015\bin\win32;C:\Users\alex\AppData\Local\Microsoft\WindowsApps;C:\Users\alex\AppData\Local\GitHub\PortableGit_63435a79518b44808827aa3194b76bea96231189\cmd;C:\Program Files\Git\cmd
USERNAME=alex
OS=Windows_NT
PROCESSOR_IDENTIFIER=Intel64 Family 6 Model 69 Stepping 1, GenuineIntel



---------------  S Y S T E M  ---------------

OS: Windows 10.0 , 64 bit Build 14393 (10.0.14393.0)

CPU:total 4 (2 cores per cpu, 2 threads per core) family 6 model 69 stepping 1, cmov, cx8, fxsr, mmx, sse, sse2, sse3, ssse3, sse4.1, sse4.2, popcnt, avx, avx2, aes, clmul, erms, lzcnt, ht, tsc, tscinvbit, bmi1, bmi2

Memory: 4k page, physical 8307672k(860492k free), swap 17881196k(2348k free)

vm_info: OpenJDK 64-Bit Server VM (25.76-b03) for windows-amd64 JRE (1.8.0_76-release-b03), built on Jun 29 2016 19:09:20 by "ralucas" with MS VC++ 10.0 (VS2010)

time: Sun Dec 04 16:19:01 2016
elapsed time: 0 seconds (0d 0h 0m 0s)

