#
# There is insufficient memory for the Java Runtime Environment to continue.
# Native memory allocation (malloc) failed to allocate 131088 bytes for Chunk::new
# Possible reasons:
#   The system is out of physical RAM or swap space
#   In 32 bit mode, the process size limit was hit
# Possible solutions:
#   Reduce memory load on the system
#   Increase physical memory or swap space
#   Check if swap backing store is full
#   Use 64 bit Java on a 64 bit OS
#   Decrease Java heap size (-Xmx/-Xms)
#   Decrease number of Java threads
#   Decrease Java thread stack sizes (-Xss)
#   Set larger code cache with -XX:ReservedCodeCacheSize=
# This output file may be truncated or incomplete.
#
#  Out of Memory Error (allocation.cpp:390), pid=9484, tid=0x00000000000040cc
#
# JRE version: OpenJDK Runtime Environment (8.0_76-b03) (build 1.8.0_76-release-b03)
# Java VM: OpenJDK 64-Bit Server VM (25.76-b03 mixed mode windows-amd64 compressed oops)
# Failed to write core dump. Minidumps are not enabled by default on client versions of Windows
#

---------------  T H R E A D  ---------------

Current thread (0x0000000014ab7000):  JavaThread "C2 CompilerThread0" daemon [_thread_in_native, id=16588, stack(0x00000000160f0000,0x00000000161f0000)]

Stack: [0x00000000160f0000,0x00000000161f0000]
[error occurred during error reporting (printing stack bounds), id 0xc0000005]

Native frames: (J=compiled Java code, j=interpreted, Vv=VM code, C=native code)


Current CompileTask:
C2:   1961 1474       4       com.android.dx.ssa.SCCP::simulateBranch (666 bytes)


---------------  P R O C E S S  ---------------

Java Threads: ( => current thread )
  0x000000001660d000 JavaThread "pool-1-thread-1" [_thread_in_Java, id=12452, stack(0x00000000186c0000,0x00000000187c0000)]
  0x00000000163f3800 JavaThread "Service Thread" daemon [_thread_blocked, id=9660, stack(0x00000000167f0000,0x00000000168f0000)]
  0x0000000014ab2000 JavaThread "C1 CompilerThread2" daemon [_thread_blocked, id=12212, stack(0x00000000162f0000,0x00000000163f0000)]
  0x0000000014aa8800 JavaThread "C2 CompilerThread1" daemon [_thread_in_native, id=5232, stack(0x00000000161f0000,0x00000000162f0000)]
=>0x0000000014ab7000 JavaThread "C2 CompilerThread0" daemon [_thread_in_native, id=16588, stack(0x00000000160f0000,0x00000000161f0000)]
  0x0000000014ab5800 JavaThread "Attach Listener" daemon [_thread_blocked, id=13244, stack(0x0000000015ff0000,0x00000000160f0000)]
  0x0000000014ab4800 JavaThread "Signal Dispatcher" daemon [_thread_blocked, id=728, stack(0x0000000015ef0000,0x0000000015ff0000)]
  0x00000000023d5800 JavaThread "Finalizer" daemon [_thread_blocked, id=5532, stack(0x0000000015d00000,0x0000000015e00000)]
  0x00000000023d0000 JavaThread "Reference Handler" daemon [_thread_blocked, id=12628, stack(0x0000000015c00000,0x0000000015d00000)]
  0x00000000021dd800 JavaThread "main" [_thread_blocked, id=12464, stack(0x00000000021e0000,0x00000000022e0000)]

Other Threads:
  0x0000000014a75800 VMThread [stack: 0x0000000015b00000,0x0000000015c00000] [id=17432]
  0x00000000163f5000 WatcherThread [stack: 0x00000000168f0000,0x00000000169f0000] [id=10072]

VM state:not at safepoint (normal execution)

VM Mutex/Monitor currently owned by a thread: None

Heap:
 PSYoungGen      total 38400K, used 37574K [0x00000000eab00000, 0x00000000ed580000, 0x0000000100000000)
  eden space 33280K, 97% used [0x00000000eab00000,0x00000000ecab6ef8,0x00000000ecb80000)
  from space 5120K, 99% used [0x00000000ecb80000,0x00000000ed07aad8,0x00000000ed080000)
  to   space 5120K, 0% used [0x00000000ed080000,0x00000000ed080000,0x00000000ed580000)
 ParOldGen       total 87552K, used 1712K [0x00000000c0000000, 0x00000000c5580000, 0x00000000eab00000)
  object space 87552K, 1% used [0x00000000c0000000,0x00000000c01ac1e0,0x00000000c5580000)
 Metaspace       used 6157K, capacity 7088K, committed 7296K, reserved 1056768K
  class space    used 581K, capacity 616K, committed 640K, reserved 1048576K

Card table byte_map: [0x00000000117a0000,0x00000000119b0000] byte_map_base: 0x00000000111a0000

Marking Bits: (ParMarkBitMap*) 0x0000000067479d00
 Begin Bits: [0x0000000011f10000, 0x0000000012f10000)
 End Bits:   [0x0000000012f10000, 0x0000000013f10000)

Polling page: 0x00000000020c0000

CodeCache: size=245760Kb used=6065Kb max_used=6065Kb free=239694Kb
 bounds [0x00000000023e0000, 0x00000000029e0000, 0x00000000113e0000]
 total_blobs=1797 nmethods=1529 adapters=182
 compilation: enabled

Compilation events (10 events):
Event: 1.957 Thread 0x0000000014ab2000 nmethod 1540 0x00000000029ce050 code [0x00000000029ce220, 0x00000000029ce7b8]
Event: 1.957 Thread 0x0000000014ab2000 1538       2       com.android.dx.dex.code.OutputFinisher::addConstants (68 bytes)
Event: 1.958 Thread 0x0000000014ab2000 nmethod 1538 0x00000000029cecd0 code [0x00000000029ceea0, 0x00000000029cf2d8]
Event: 1.958 Thread 0x0000000014ab2000 1543       1       com.android.dx.dex.code.CstInsn::getConstant (5 bytes)
Event: 1.958 Thread 0x0000000014ab2000 nmethod 1543 0x00000000029cfa50 code [0x00000000029cfba0, 0x00000000029cfcb0]
Event: 1.958 Thread 0x0000000014ab2000 1542       1       com.android.dx.dex.code.LocalStart::getLocal (5 bytes)
Event: 1.958 Thread 0x0000000014ab2000 nmethod 1542 0x00000000029cfd10 code [0x00000000029cfe60, 0x00000000029cff70]
Event: 1.958 Thread 0x0000000014ab2000 1545       2       java.util.HashMap::putVal (300 bytes)
Event: 1.960 Thread 0x0000000014ab2000 nmethod 1545 0x00000000029cffd0 code [0x00000000029d01e0, 0x00000000029d08f8]
Event: 1.960 Thread 0x0000000014ab2000 1546       2       java.util.HashMap$KeyIterator::next (8 bytes)

GC Heap History (2 events):
Event: 1.471 GC heap before
{Heap before GC invocations=1 (full 0):
 PSYoungGen      total 38400K, used 33280K [0x00000000eab00000, 0x00000000ed580000, 0x0000000100000000)
  eden space 33280K, 100% used [0x00000000eab00000,0x00000000ecb80000,0x00000000ecb80000)
  from space 5120K, 0% used [0x00000000ed080000,0x00000000ed080000,0x00000000ed580000)
  to   space 5120K, 0% used [0x00000000ecb80000,0x00000000ecb80000,0x00000000ed080000)
 ParOldGen       total 87552K, used 0K [0x00000000c0000000, 0x00000000c5580000, 0x00000000eab00000)
  object space 87552K, 0% used [0x00000000c0000000,0x00000000c0000000,0x00000000c5580000)
 Metaspace       used 5961K, capacity 6960K, committed 7040K, reserved 1056768K
  class space    used 574K, capacity 616K, committed 640K, reserved 1048576K
Event: 1.487 GC heap after
Heap after GC invocations=1 (full 0):
 PSYoungGen      total 38400K, used 5098K [0x00000000eab00000, 0x00000000ed580000, 0x0000000100000000)
  eden space 33280K, 0% used [0x00000000eab00000,0x00000000eab00000,0x00000000ecb80000)
  from space 5120K, 99% used [0x00000000ecb80000,0x00000000ed07aad8,0x00000000ed080000)
  to   space 5120K, 0% used [0x00000000ed080000,0x00000000ed080000,0x00000000ed580000)
 ParOldGen       total 87552K, used 1712K [0x00000000c0000000, 0x00000000c5580000, 0x00000000eab00000)
  object space 87552K, 1% used [0x00000000c0000000,0x00000000c01ac1e0,0x00000000c5580000)
 Metaspace       used 5961K, capacity 6960K, committed 7040K, reserved 1056768K
  class space    used 574K, capacity 616K, committed 640K, reserved 1048576K
}

Deoptimization events (10 events):
Event: 1.943 Thread 0x000000001660d000 Uncommon trap: reason=class_check action=maybe_recompile pc=0x0000000002911988 method=java.util.Arrays.hashCode([Ljava/lang/Object;)I @ 43
Event: 1.945 Thread 0x000000001660d000 Uncommon trap: reason=class_check action=maybe_recompile pc=0x0000000002911988 method=java.util.Arrays.hashCode([Ljava/lang/Object;)I @ 43
Event: 1.946 Thread 0x000000001660d000 Uncommon trap: reason=class_check action=maybe_recompile pc=0x00000000028726b4 method=java.util.Arrays.hashCode([Ljava/lang/Object;)I @ 43
Event: 1.953 Thread 0x000000001660d000 Uncommon trap: reason=bimorphic action=maybe_recompile pc=0x000000000262aef0 method=java.util.HashMap.getNode(ILjava/lang/Object;)Ljava/util/HashMap$Node; @ 126
Event: 1.954 Thread 0x000000001660d000 Uncommon trap: reason=bimorphic action=maybe_recompile pc=0x000000000262aef0 method=java.util.HashMap.getNode(ILjava/lang/Object;)Ljava/util/HashMap$Node; @ 126
Event: 1.954 Thread 0x000000001660d000 Uncommon trap: reason=class_check action=maybe_recompile pc=0x0000000002871d1c method=java.util.HashMap.putVal(ILjava/lang/Object;Ljava/lang/Object;ZZ)Ljava/lang/Object; @ 203
Event: 1.954 Thread 0x000000001660d000 Uncommon trap: reason=bimorphic action=maybe_recompile pc=0x000000000262aef0 method=java.util.HashMap.getNode(ILjava/lang/Object;)Ljava/util/HashMap$Node; @ 126
Event: 1.954 Thread 0x000000001660d000 Uncommon trap: reason=class_check action=maybe_recompile pc=0x0000000002871d1c method=java.util.HashMap.putVal(ILjava/lang/Object;Ljava/lang/Object;ZZ)Ljava/lang/Object; @ 203
Event: 1.958 Thread 0x000000001660d000 Uncommon trap: reason=class_check action=maybe_recompile pc=0x0000000002871d1c method=java.util.HashMap.putVal(ILjava/lang/Object;Ljava/lang/Object;ZZ)Ljava/lang/Object; @ 203
Event: 1.958 Thread 0x000000001660d000 Uncommon trap: reason=class_check action=maybe_recompile pc=0x0000000002871d1c method=java.util.HashMap.putVal(ILjava/lang/Object;Ljava/lang/Object;ZZ)Ljava/lang/Object; @ 203

Internal exceptions (3 events):
Event: 0.064 Thread 0x00000000021dd800 Exception <a 'java/lang/NoSuchMethodError': Method sun.misc.Unsafe.defineClass(Ljava/lang/String;[BII)Ljava/lang/Class; name or signature does not match> (0x00000000eab07cc0) thrown at [C:\src\android\AOSP-openjdk\external\jetbrains\jdk\hotspot\src\share\vŽñ7–¶‚°?
Event: 0.064 Thread 0x00000000021dd800 Exception <a 'java/lang/NoSuchMethodError': Method sun.misc.Unsafe.prefetchRead(Ljava/lang/Object;J)V name or signature does not match> (0x00000000eab07fa8) thrown at [C:\src\android\AOSP-openjdk\external\jetbrains\jdk\hotspot\src\share\vm\prims\jni.cpp, lý¡˜ÄtIñ?
Event: 1.080 Thread 0x000000001660d000 Implicit null exception at 0x00000000026eb0d4 to 0x00000000026ed65d

Events (10 events):
Event: 1.954 Thread 0x000000001660d000 DEOPT PACKING pc=0x0000000002871d1c sp=0x00000000187be910
Event: 1.954 Thread 0x000000001660d000 DEOPT UNPACKING pc=0x000000000242556a sp=0x00000000187be898 mode 2
Event: 1.957 loading class com/android/dx/dex/file/CatchStructs
Event: 1.957 loading class com/android/dx/dex/file/CatchStructs done
Event: 1.958 Thread 0x000000001660d000 Uncommon trap: trap_request=0xffffffde fr.pc=0x0000000002871d1c
Event: 1.958 Thread 0x000000001660d000 DEOPT PACKING pc=0x0000000002871d1c sp=0x00000000187be770
Event: 1.958 Thread 0x000000001660d000 DEOPT UNPACKING pc=0x000000000242556a sp=0x00000000187be6f8 mode 2
Event: 1.958 Thread 0x000000001660d000 Uncommon trap: trap_request=0xffffffde fr.pc=0x0000000002871d1c
Event: 1.958 Thread 0x000000001660d000 DEOPT PACKING pc=0x0000000002871d1c sp=0x00000000187be770
Event: 1.958 Thread 0x000000001660d000 DEOPT UNPACKING pc=0x000000000242556a sp=0x00000000187be6f8 mode 2


Dynamic libraries:
0x00007ff6e7420000 - 0x00007ff6e7451000 	C:\Program Files\Android\Android Studio\jre\bin\java.exe
0x00007ffc551a0000 - 0x00007ffc55371000 	C:\WINDOWS\SYSTEM32\ntdll.dll
0x00007ffc527c0000 - 0x00007ffc5286b000 	C:\WINDOWS\System32\KERNEL32.DLL
0x00007ffc52060000 - 0x00007ffc5227d000 	C:\WINDOWS\System32\KERNELBASE.dll
0x00007ffc540b0000 - 0x00007ffc54152000 	C:\WINDOWS\System32\ADVAPI32.dll
0x00007ffc54f40000 - 0x00007ffc54fde000 	C:\WINDOWS\System32\msvcrt.dll
0x00007ffc53d80000 - 0x00007ffc53dd9000 	C:\WINDOWS\System32\sechost.dll
0x00007ffc54450000 - 0x00007ffc54571000 	C:\WINDOWS\System32\RPCRT4.dll
0x00007ffc53f40000 - 0x00007ffc540a5000 	C:\WINDOWS\System32\USER32.dll
0x00007ffc52710000 - 0x00007ffc5272e000 	C:\WINDOWS\System32\win32u.dll
0x00007ffc550b0000 - 0x00007ffc550e4000 	C:\WINDOWS\System32\GDI32.dll
0x00007ffc52580000 - 0x00007ffc52702000 	C:\WINDOWS\System32\gdi32full.dll
0x00007ffc43d20000 - 0x00007ffc43f99000 	C:\WINDOWS\WinSxS\amd64_microsoft.windows.common-controls_6595b64144ccf1df_6.0.14393.447_none_42191651c6827bb3\COMCTL32.dll
0x00007ffc54640000 - 0x00007ffc54907000 	C:\WINDOWS\System32\combase.dll
0x00007ffc52380000 - 0x00007ffc52475000 	C:\WINDOWS\System32\ucrtbase.dll
0x00007ffc51ff0000 - 0x00007ffc5205a000 	C:\WINDOWS\System32\bcryptPrimitives.dll
0x00007ffc550f0000 - 0x00007ffc5511e000 	C:\WINDOWS\System32\IMM32.DLL
0x0000000066b00000 - 0x0000000066bd2000 	C:\Program Files\Android\Android Studio\jre\jre\bin\msvcr100.dll
0x0000000066cc0000 - 0x00000000674f4000 	C:\Program Files\Android\Android Studio\jre\jre\bin\server\jvm.dll
0x00007ffc52730000 - 0x00007ffc52738000 	C:\WINDOWS\System32\PSAPI.DLL
0x00007ffc38750000 - 0x00007ffc38759000 	C:\WINDOWS\SYSTEM32\WSOCK32.dll
0x00007ffc55120000 - 0x00007ffc5518a000 	C:\WINDOWS\System32\WS2_32.dll
0x00007ffc4f440000 - 0x00007ffc4f463000 	C:\WINDOWS\SYSTEM32\WINMM.dll
0x00007ffc41870000 - 0x00007ffc4187a000 	C:\WINDOWS\SYSTEM32\VERSION.dll
0x00007ffc4f3e0000 - 0x00007ffc4f40b000 	C:\WINDOWS\SYSTEM32\WINMMBASE.dll
0x00007ffc52480000 - 0x00007ffc524c2000 	C:\WINDOWS\System32\cfgmgr32.dll
0x00007ffc4ee10000 - 0x00007ffc4ee1f000 	C:\Program Files\Android\Android Studio\jre\jre\bin\verify.dll
0x00007ffc3e6c0000 - 0x00007ffc3e6e9000 	C:\Program Files\Android\Android Studio\jre\jre\bin\java.dll
0x00007ffc48c10000 - 0x00007ffc48c26000 	C:\Program Files\Android\Android Studio\jre\jre\bin\zip.dll
0x00007ffc52870000 - 0x00007ffc53d79000 	C:\WINDOWS\System32\SHELL32.dll
0x00007ffc51690000 - 0x00007ffc51d6a000 	C:\WINDOWS\System32\windows.storage.dll
0x00007ffc51630000 - 0x00007ffc5167c000 	C:\WINDOWS\System32\powrprof.dll
0x00007ffc52760000 - 0x00007ffc527b2000 	C:\WINDOWS\System32\shlwapi.dll
0x00007ffc51620000 - 0x00007ffc5162f000 	C:\WINDOWS\System32\kernel.appcore.dll
0x00007ffc51f40000 - 0x00007ffc51fe9000 	C:\WINDOWS\System32\shcore.dll
0x00007ffc51600000 - 0x00007ffc51614000 	C:\WINDOWS\System32\profapi.dll

VM Arguments:
jvm_args: -Djava.awt.headless=true -Xmx1024M -Dfile.encoding=windows-1252 -Duser.country=US -Duser.language=en -Duser.variant 
java_command: com.android.dx.command.Main --dex --force-jumbo --num-threads=4 --multi-dex --output C:\Users\alex\AndroidStudioProjects\Frontend\app\build\intermediates\transforms\dex\debug\folders\1000\10\picasso-2.5.2_1d481e7b2e6abf568667ebc1fc10435529fdd084 C:\Users\alex\.gradle\caches\modules-2\files-2.1\com.squareup.picasso\picasso\2.5.2\7446d06ec8d4f7ffcc53f1da37c95f200dcb9387\picasso-2.5.2.jar
java_class_path (initial): C:\Users\alex\AppData\Local\Android\sdk\build-tools\25.0.0\lib\dx.jar
Launcher Type: SUN_STANDARD

Environment Variables:
JAVA_HOME=C:\Program Files\Java\jdk1.8.0_101
PATH=C:\ProgramData\Oracle\Java\javapath;C:\Program Files (x86)\Lenovo\FusionEngine;C:\Program Files (x86)\Intel\iCLS Client\;C:\Program Files\Intel\iCLS Client\;C:\WINDOWS\system32;C:\WINDOWS;C:\WINDOWS\System32\Wbem;C:\WINDOWS\System32\WindowsPowerShell\v1.0\;C:\Program Files\Intel\Intel(R) Management Engine Components\DAL;C:\Program Files\Intel\Intel(R) Management Engine Components\IPT;C:\Program Files (x86)\Intel\Intel(R) Management Engine Components\DAL;C:\Program Files (x86)\Intel\Intel(R) Management Engine Components\IPT;C:\Program Files\Intel\WiFi\bin\;C:\Program Files\Common Files\Intel\WirelessCommon\;C:\Program Files (x86)\Lenovo\Motion Control\;C:\Program Files (x86)\Common Files\lenovo\easyplussdk\bin;C:\Program Files\TortoiseSVN\bin;C:\Program Files (x86)\Skype\Phone\;C:\Program Files\MATLAB\R2016a\runtime\win64;C:\Program Files\MATLAB\R2016a\bin;C:\Program Files\MATLAB\R2016a\polyspace\bin;C:\Program Files (x86)\Brackets\command;C:\Users\alex\AppData\Local\Android\sdk\platform-tools;C:\Users\alex\AppData\Local\Android\sdk\tools;C:\Program Files\Git\cmd;C:\texlive\2015\bin\win32;C:\Users\alex\AppData\Local\Microsoft\WindowsApps;C:\Users\alex\AppData\Local\GitHub\PortableGit_63435a79518b44808827aa3194b76bea96231189\cmd;C:\Program Files\Git\cmd
USERNAME=alex
OS=Windows_NT
PROCESSOR_IDENTIFIER=Intel64 Family 6 Model 69 Stepping 1, GenuineIntel



---------------  S Y S T E M  ---------------

OS: Windows 10.0 , 64 bit Build 14393 (10.0.14393.0)

CPU:total 4 (2 cores per cpu, 2 threads per core) family 6 model 69 stepping 1, cmov, cx8, fxsr, mmx, sse, sse2, sse3, ssse3, sse4.1, sse4.2, popcnt, avx, avx2, aes, clmul, erms, lzcnt, ht, tsc, tscinvbit, bmi1, bmi2

Memory: 4k page, physical 8307672k(869500k free), swap 17881196k(4828k free)

vm_info: OpenJDK 64-Bit Server VM (25.76-b03) for windows-amd64 JRE (1.8.0_76-release-b03), built on Jun 29 2016 19:09:20 by "ralucas" with MS VC++ 10.0 (VS2010)

time: Sun Dec 04 16:18:59 2016
elapsed time: 1 seconds (0d 0h 0m 1s)

