#
# There is insufficient memory for the Java Runtime Environment to continue.
# Native memory allocation (malloc) failed to allocate 32744 bytes for ChunkPool::allocate
# Possible reasons:
#   The system is out of physical RAM or swap space
#   In 32 bit mode, the process size limit was hit
# Possible solutions:
#   Reduce memory load on the system
#   Increase physical memory or swap space
#   Check if swap backing store is full
#   Use 64 bit Java on a 64 bit OS
#   Decrease Java heap size (-Xmx/-Xms)
#   Decrease number of Java threads
#   Decrease Java thread stack sizes (-Xss)
#   Set larger code cache with -XX:ReservedCodeCacheSize=
# This output file may be truncated or incomplete.
#
#  Out of Memory Error (allocation.cpp:273), pid=3512, tid=0x0000000000004218
#
# JRE version: OpenJDK Runtime Environment (8.0_76-b03) (build 1.8.0_76-release-b03)
# Java VM: OpenJDK 64-Bit Server VM (25.76-b03 mixed mode windows-amd64 compressed oops)
# Failed to write core dump. Minidumps are not enabled by default on client versions of Windows
#

---------------  T H R E A D  ---------------

Current thread (0x0000000015328000):  JavaThread "C2 CompilerThread1" daemon [_thread_in_native, id=16920, stack(0x0000000016a80000,0x0000000016b80000)]

Stack: [0x0000000016a80000,0x0000000016b80000]
[error occurred during error reporting (printing stack bounds), id 0xc0000005]

Native frames: (J=compiled Java code, j=interpreted, Vv=VM code, C=native code)


Current CompileTask:
C2:   3154  504       4       java.util.HashMap::getNode (148 bytes)


---------------  P R O C E S S  ---------------

Java Threads: ( => current thread )
  0x0000000016fa0800 JavaThread "pool-2-thread-4" [_thread_in_Java, id=15060, stack(0x0000000017e80000,0x0000000017f80000)]
  0x0000000016f9e800 JavaThread "pool-2-thread-3" [_thread_in_Java, id=13668, stack(0x0000000017d80000,0x0000000017e80000)]
  0x0000000016f9e000 JavaThread "pool-2-thread-2" [_thread_in_vm, id=18664, stack(0x0000000017c80000,0x0000000017d80000)]
  0x0000000016f08000 JavaThread "pool-3-thread-1" [_thread_blocked, id=17364, stack(0x0000000017b80000,0x0000000017c80000)]
  0x0000000016f32000 JavaThread "pool-2-thread-1" [_thread_in_vm, id=6480, stack(0x0000000017a80000,0x0000000017b80000)]
  0x0000000016c83800 JavaThread "Service Thread" daemon [_thread_blocked, id=15848, stack(0x0000000017080000,0x0000000017180000)]
  0x0000000015331000 JavaThread "C1 CompilerThread2" daemon [_thread_in_native, id=17296, stack(0x0000000016b80000,0x0000000016c80000)]
=>0x0000000015328000 JavaThread "C2 CompilerThread1" daemon [_thread_in_native, id=16920, stack(0x0000000016a80000,0x0000000016b80000)]
  0x0000000015337000 JavaThread "C2 CompilerThread0" daemon [_thread_blocked, id=17556, stack(0x0000000016980000,0x0000000016a80000)]
  0x0000000015336000 JavaThread "Attach Listener" daemon [_thread_blocked, id=12968, stack(0x0000000016880000,0x0000000016980000)]
  0x0000000015334800 JavaThread "Signal Dispatcher" daemon [_thread_blocked, id=16228, stack(0x0000000016780000,0x0000000016880000)]
  0x0000000002c5b000 JavaThread "Finalizer" daemon [_thread_blocked, id=5568, stack(0x0000000016590000,0x0000000016690000)]
  0x0000000002c50800 JavaThread "Reference Handler" daemon [_thread_blocked, id=19156, stack(0x0000000016490000,0x0000000016590000)]
  0x0000000002a5d800 JavaThread "main" [_thread_in_Java, id=5008, stack(0x0000000002a60000,0x0000000002b60000)]

Other Threads:
  0x00000000152f6000 VMThread [stack: 0x0000000016390000,0x0000000016490000] [id=8196]
  0x0000000016c85800 WatcherThread [stack: 0x0000000017180000,0x0000000017280000] [id=15960]

VM state:not at safepoint (normal execution)

VM Mutex/Monitor currently owned by a thread: None

Heap:
 PSYoungGen      total 38400K, used 14948K [0x00000000eab00000, 0x00000000ed580000, 0x0000000100000000)
  eden space 33280K, 44% used [0x00000000eab00000,0x00000000eb9993d8,0x00000000ecb80000)
  from space 5120K, 0% used [0x00000000ed080000,0x00000000ed080000,0x00000000ed580000)
  to   space 5120K, 0% used [0x00000000ecb80000,0x00000000ecb80000,0x00000000ed080000)
 ParOldGen       total 87552K, used 0K [0x00000000c0000000, 0x00000000c5580000, 0x00000000eab00000)
  object space 87552K, 0% used [0x00000000c0000000,0x00000000c0000000,0x00000000c5580000)
 Metaspace       used 5293K, capacity 6448K, committed 6528K, reserved 1056768K
  class space    used 555K, capacity 616K, committed 640K, reserved 1048576K

Card table byte_map: [0x0000000012020000,0x0000000012230000] byte_map_base: 0x0000000011a20000

Marking Bits: (ParMarkBitMap*) 0x00000000698b9d00
 Begin Bits: [0x0000000012790000, 0x0000000013790000)
 End Bits:   [0x0000000013790000, 0x0000000014790000)

Polling page: 0x00000000029d0000

CodeCache: size=245760Kb used=2179Kb max_used=2190Kb free=243580Kb
 bounds [0x0000000002c60000, 0x0000000002ed0000, 0x0000000011c60000]
 total_blobs=751 nmethods=489 adapters=176
 compilation: enabled

Compilation events (10 events):
Event: 3.141 Thread 0x0000000015331000 nmethod 486 0x0000000002e7ff10 code [0x0000000002e80060, 0x0000000002e80170]
Event: 3.141 Thread 0x0000000015331000  487       1       com.android.dx.ssa.SsaBasicBlock::getPrimarySuccessorIndex (5 bytes)
Event: 3.141 Thread 0x0000000015331000 nmethod 487 0x0000000002e7fc50 code [0x0000000002e7fda0, 0x0000000002e7feb0]
Event: 3.141 Thread 0x0000000015328000 nmethod 470 0x0000000002e7f850 code [0x0000000002e7f9a0, 0x0000000002e7fb38]
Event: 3.141 Thread 0x0000000015331000  488       3       com.android.dx.rop.code.RegisterSpec::make (7 bytes)
Event: 3.141 Thread 0x0000000015331000 nmethod 488 0x0000000002e7f4d0 code [0x0000000002e7f640, 0x0000000002e7f7a8]
Event: 3.142 Thread 0x0000000015331000  489   !   3       com.android.dx.cf.code.BytecodeArray::parseInstruction (2764 bytes)
Event: 3.144 Thread 0x0000000015328000  499       4       java.util.ArrayList$Itr::hasNext (20 bytes)
Event: 3.144 Thread 0x0000000015328000 nmethod 499 0x0000000002e7f250 code [0x0000000002e7f380, 0x0000000002e7f418]
Event: 3.148 Thread 0x0000000015328000  504       4       java.util.HashMap::getNode (148 bytes)

GC Heap History (0 events):
No events

Deoptimization events (1 events):
Event: 0.541 Thread 0x0000000002a5d800 Uncommon trap: reason=unstable_if action=reinterpret pc=0x0000000002db0c54 method=java.lang.String.compareTo(Ljava/lang/String;)I @ 38

Internal exceptions (2 events):
Event: 0.067 Thread 0x0000000002a5d800 Exception <a 'java/lang/NoSuchMethodError': Method sun.misc.Unsafe.defineClass(Ljava/lang/String;[BII)Ljava/lang/Class; name or signature does not match> (0x00000000eab07cc0) thrown at [C:\src\android\AOSP-openjdk\external\jetbrains\jdk\hotspot\src\share\v8nKµ±?
Event: 0.067 Thread 0x0000000002a5d800 Exception <a 'java/lang/NoSuchMethodError': Method sun.misc.Unsafe.prefetchRead(Ljava/lang/Object;J)V name or signature does not match> (0x00000000eab07fa8) thrown at [C:\src\android\AOSP-openjdk\external\jetbrains\jdk\hotspot\src\share\vm\prims\jni.cpp, l

Events (10 events):
Event: 2.736 loading class com/android/dx/dex/file/MethodIdItem
Event: 2.736 loading class com/android/dx/dex/file/MethodIdItem done
Event: 2.740 loading class com/android/dx/dex/file/ParameterAnnotationStruct
Event: 2.740 loading class com/android/dx/dex/file/ParameterAnnotationStruct done
Event: 2.744 loading class com/android/dx/dex/file/UniformListItem
Event: 2.744 loading class com/android/dx/dex/file/UniformListItem done
Event: 2.745 loading class com/android/dx/dex/file/AnnotationSetRefItem
Event: 2.745 loading class com/android/dx/dex/file/AnnotationSetRefItem done
Event: 2.759 loading class com/android/dx/dex/file/AnnotationUtils
Event: 2.759 loading class com/android/dx/dex/file/AnnotationUtils done


Dynamic libraries:
0x00007ff7ecd30000 - 0x00007ff7ecd61000 	C:\Program Files\Android\Android Studio\jre\bin\java.exe
0x00007ffd6db00000 - 0x00007ffd6dcd1000 	C:\WINDOWS\SYSTEM32\ntdll.dll
0x00007ffd6b0f0000 - 0x00007ffd6b19b000 	C:\WINDOWS\System32\KERNEL32.DLL
0x00007ffd6a210000 - 0x00007ffd6a42d000 	C:\WINDOWS\System32\KERNELBASE.dll
0x00007ffd6d3b0000 - 0x00007ffd6d452000 	C:\WINDOWS\System32\ADVAPI32.dll
0x00007ffd6d630000 - 0x00007ffd6d6ce000 	C:\WINDOWS\System32\msvcrt.dll
0x00007ffd6b3a0000 - 0x00007ffd6b3f9000 	C:\WINDOWS\System32\sechost.dll
0x00007ffd6d4d0000 - 0x00007ffd6d5f1000 	C:\WINDOWS\System32\RPCRT4.dll
0x00007ffd6b1a0000 - 0x00007ffd6b305000 	C:\WINDOWS\System32\USER32.dll
0x00007ffd69ff0000 - 0x00007ffd6a00e000 	C:\WINDOWS\System32\win32u.dll
0x00007ffd6d210000 - 0x00007ffd6d244000 	C:\WINDOWS\System32\GDI32.dll
0x00007ffd6a080000 - 0x00007ffd6a202000 	C:\WINDOWS\System32\gdi32full.dll
0x00007ffd541b0000 - 0x00007ffd54429000 	C:\WINDOWS\WinSxS\amd64_microsoft.windows.common-controls_6595b64144ccf1df_6.0.14393.447_none_42191651c6827bb3\COMCTL32.dll
0x00007ffd6cc40000 - 0x00007ffd6cf07000 	C:\WINDOWS\System32\combase.dll
0x00007ffd6af30000 - 0x00007ffd6b025000 	C:\WINDOWS\System32\ucrtbase.dll
0x00007ffd6a010000 - 0x00007ffd6a07a000 	C:\WINDOWS\System32\bcryptPrimitives.dll
0x00007ffd6d600000 - 0x00007ffd6d62e000 	C:\WINDOWS\System32\IMM32.DLL
0x0000000068f40000 - 0x0000000069012000 	C:\Program Files\Android\Android Studio\jre\jre\bin\msvcr100.dll
0x0000000069100000 - 0x0000000069934000 	C:\Program Files\Android\Android Studio\jre\jre\bin\server\jvm.dll
0x00007ffd6b320000 - 0x00007ffd6b328000 	C:\WINDOWS\System32\PSAPI.DLL
0x00007ffd51c60000 - 0x00007ffd51c69000 	C:\WINDOWS\SYSTEM32\WSOCK32.dll
0x00007ffd6d460000 - 0x00007ffd6d4ca000 	C:\WINDOWS\System32\WS2_32.dll
0x00007ffd68310000 - 0x00007ffd68333000 	C:\WINDOWS\SYSTEM32\WINMM.dll
0x00007ffd5d260000 - 0x00007ffd5d26a000 	C:\WINDOWS\SYSTEM32\VERSION.dll
0x00007ffd68290000 - 0x00007ffd682bb000 	C:\WINDOWS\SYSTEM32\WINMMBASE.dll
0x00007ffd6aee0000 - 0x00007ffd6af22000 	C:\WINDOWS\System32\cfgmgr32.dll
0x00007ffd61a60000 - 0x00007ffd61a6f000 	C:\Program Files\Android\Android Studio\jre\jre\bin\verify.dll
0x00007ffd57a70000 - 0x00007ffd57a99000 	C:\Program Files\Android\Android Studio\jre\jre\bin\java.dll
0x00007ffd57a30000 - 0x00007ffd57a46000 	C:\Program Files\Android\Android Studio\jre\jre\bin\zip.dll
0x00007ffd6b4a0000 - 0x00007ffd6c9a9000 	C:\WINDOWS\System32\SHELL32.dll
0x00007ffd6a800000 - 0x00007ffd6aeda000 	C:\WINDOWS\System32\windows.storage.dll
0x00007ffd69f90000 - 0x00007ffd69fdc000 	C:\WINDOWS\System32\powrprof.dll
0x00007ffd6b090000 - 0x00007ffd6b0e2000 	C:\WINDOWS\System32\shlwapi.dll
0x00007ffd69f80000 - 0x00007ffd69f8f000 	C:\WINDOWS\System32\kernel.appcore.dll
0x00007ffd6a750000 - 0x00007ffd6a7f9000 	C:\WINDOWS\System32\shcore.dll
0x00007ffd69f60000 - 0x00007ffd69f74000 	C:\WINDOWS\System32\profapi.dll

VM Arguments:
jvm_args: -Djava.awt.headless=true -Xmx1024M -Dfile.encoding=windows-1252 -Duser.country=US -Duser.language=en -Duser.variant 
java_command: com.android.dx.command.Main --dex --force-jumbo --num-threads=4 --multi-dex --output C:\Users\alex\AndroidStudioProjects\Frontend\app\build\intermediates\transforms\dex\debug\folders\1000\10\com.android.support-design-25.0.0_529b2582483c73898ab626e928913a1ecba35161 C:\Users\alex\AndroidStudioProjects\Frontend\app\build\intermediates\exploded-aar\com.android.support\design\25.0.0\jars\classes.jar
java_class_path (initial): C:\Users\alex\AppData\Local\Android\sdk\build-tools\25.0.0\lib\dx.jar
Launcher Type: SUN_STANDARD

Environment Variables:
JAVA_HOME=C:\Program Files\Java\jdk1.8.0_101
PATH=C:\ProgramData\Oracle\Java\javapath;C:\Program Files (x86)\Lenovo\FusionEngine;C:\Program Files (x86)\Intel\iCLS Client\;C:\Program Files\Intel\iCLS Client\;C:\WINDOWS\system32;C:\WINDOWS;C:\WINDOWS\System32\Wbem;C:\WINDOWS\System32\WindowsPowerShell\v1.0\;C:\Program Files\Intel\Intel(R) Management Engine Components\DAL;C:\Program Files\Intel\Intel(R) Management Engine Components\IPT;C:\Program Files (x86)\Intel\Intel(R) Management Engine Components\DAL;C:\Program Files (x86)\Intel\Intel(R) Management Engine Components\IPT;C:\Program Files\Intel\WiFi\bin\;C:\Program Files\Common Files\Intel\WirelessCommon\;C:\Program Files (x86)\Lenovo\Motion Control\;C:\Program Files (x86)\Common Files\lenovo\easyplussdk\bin;C:\Program Files\TortoiseSVN\bin;C:\Program Files (x86)\Skype\Phone\;C:\Program Files\MATLAB\R2016a\runtime\win64;C:\Program Files\MATLAB\R2016a\bin;C:\Program Files\MATLAB\R2016a\polyspace\bin;C:\Program Files (x86)\Brackets\command;C:\Users\alex\AppData\Local\Android\sdk\platform-tools;C:\Users\alex\AppData\Local\Android\sdk\tools;C:\texlive\2015\bin\win32;C:\Users\alex\AppData\Local\Microsoft\WindowsApps;C:\Users\alex\AppData\Local\GitHub\PortableGit_63435a79518b44808827aa3194b76bea96231189\cmd
USERNAME=alex
OS=Windows_NT
PROCESSOR_IDENTIFIER=Intel64 Family 6 Model 69 Stepping 1, GenuineIntel



---------------  S Y S T E M  ---------------

OS: Windows 10.0 , 64 bit Build 14393 (10.0.14393.0)

CPU:total 4 (2 cores per cpu, 2 threads per core) family 6 model 69 stepping 1, cmov, cx8, fxsr, mmx, sse, sse2, sse3, ssse3, sse4.1, sse4.2, popcnt, avx, avx2, aes, clmul, erms, lzcnt, ht, tsc, tscinvbit, bmi1, bmi2

Memory: 4k page, physical 8307672k(831032k free), swap 14921764k(3404k free)

vm_info: OpenJDK 64-Bit Server VM (25.76-b03) for windows-amd64 JRE (1.8.0_76-release-b03), built on Jun 29 2016 19:09:20 by "ralucas" with MS VC++ 10.0 (VS2010)

time: Fri Nov 18 14:58:37 2016
elapsed time: 3 seconds (0d 0h 0m 3s)

