#
# There is insufficient memory for the Java Runtime Environment to continue.
# Native memory allocation (malloc) failed to allocate 449776 bytes for Chunk::new
# Possible reasons:
#   The system is out of physical RAM or swap space
#   In 32 bit mode, the process size limit was hit
# Possible solutions:
#   Reduce memory load on the system
#   Increase physical memory or swap space
#   Check if swap backing store is full
#   Use 64 bit Java on a 64 bit OS
#   Decrease Java heap size (-Xmx/-Xms)
#   Decrease number of Java threads
#   Decrease Java thread stack sizes (-Xss)
#   Set larger code cache with -XX:ReservedCodeCacheSize=
# This output file may be truncated or incomplete.
#
#  Out of Memory Error (allocation.cpp:390), pid=7556, tid=0x00000000000023d4
#
# JRE version: OpenJDK Runtime Environment (8.0_76-b03) (build 1.8.0_76-release-b03)
# Java VM: OpenJDK 64-Bit Server VM (25.76-b03 mixed mode windows-amd64 compressed oops)
# Failed to write core dump. Minidumps are not enabled by default on client versions of Windows
#

---------------  T H R E A D  ---------------

Current thread (0x0000000015028000):  JavaThread "C2 CompilerThread1" daemon [_thread_in_native, id=9172, stack(0x0000000016790000,0x0000000016890000)]

Stack: [0x0000000016790000,0x0000000016890000]
[error occurred during error reporting (printing stack bounds), id 0xc0000005]

Native frames: (J=compiled Java code, j=interpreted, Vv=VM code, C=native code)


Current CompileTask:
C2:   1653 1247       4       com.android.dx.ssa.LocalVariableExtractor::processBlock (383 bytes)


---------------  P R O C E S S  ---------------

Java Threads: ( => current thread )
  0x0000000016bfc000 JavaThread "pool-2-thread-4" [_thread_in_Java, id=17580, stack(0x0000000017390000,0x0000000017490000)]
  0x0000000016bfa000 JavaThread "pool-2-thread-3" [_thread_blocked, id=17796, stack(0x0000000017290000,0x0000000017390000)]
  0x0000000016bdd800 JavaThread "pool-2-thread-2" [_thread_blocked, id=3680, stack(0x0000000017190000,0x0000000017290000)]
  0x0000000016c13000 JavaThread "pool-3-thread-1" [_thread_blocked, id=15312, stack(0x0000000017090000,0x0000000017190000)]
  0x0000000016c12000 JavaThread "pool-2-thread-1" [_thread_in_Java, id=16008, stack(0x0000000016f90000,0x0000000017090000)]
  0x0000000016991800 JavaThread "Service Thread" daemon [_thread_blocked, id=15328, stack(0x0000000016d90000,0x0000000016e90000)]
  0x000000001508b000 JavaThread "C1 CompilerThread2" daemon [_thread_in_native, id=8288, stack(0x0000000016890000,0x0000000016990000)]
=>0x0000000015028000 JavaThread "C2 CompilerThread1" daemon [_thread_in_native, id=9172, stack(0x0000000016790000,0x0000000016890000)]
  0x0000000015037000 JavaThread "C2 CompilerThread0" daemon [_thread_in_native, id=16880, stack(0x0000000016690000,0x0000000016790000)]
  0x0000000015035800 JavaThread "Attach Listener" daemon [_thread_blocked, id=16428, stack(0x0000000016590000,0x0000000016690000)]
  0x0000000015034800 JavaThread "Signal Dispatcher" daemon [_thread_blocked, id=9008, stack(0x0000000016490000,0x0000000016590000)]
  0x00000000028fb000 JavaThread "Finalizer" daemon [_thread_blocked, id=17340, stack(0x00000000162a0000,0x00000000163a0000)]
  0x00000000028f0800 JavaThread "Reference Handler" daemon [_thread_blocked, id=15708, stack(0x00000000161a0000,0x00000000162a0000)]
  0x000000000295d800 JavaThread "main" [_thread_blocked, id=16168, stack(0x00000000026c0000,0x00000000027c0000)]

Other Threads:
  0x0000000014ff6000 VMThread [stack: 0x00000000160a0000,0x00000000161a0000] [id=17396]
  0x0000000016993000 WatcherThread [stack: 0x0000000016e90000,0x0000000016f90000] [id=6640]

VM state:not at safepoint (normal execution)

VM Mutex/Monitor currently owned by a thread: None

Heap:
 PSYoungGen      total 38400K, used 12593K [0x00000000eab00000, 0x00000000ef600000, 0x0000000100000000)
  eden space 33280K, 22% used [0x00000000eab00000,0x00000000eb251738,0x00000000ecb80000)
  from space 5120K, 99% used [0x00000000ecb80000,0x00000000ed07ae90,0x00000000ed080000)
  to   space 5120K, 0% used [0x00000000ef100000,0x00000000ef100000,0x00000000ef600000)
 ParOldGen       total 87552K, used 1409K [0x00000000c0000000, 0x00000000c5580000, 0x00000000eab00000)
  object space 87552K, 1% used [0x00000000c0000000,0x00000000c01607f8,0x00000000c5580000)
 Metaspace       used 5979K, capacity 6960K, committed 7040K, reserved 1056768K
  class space    used 573K, capacity 616K, committed 640K, reserved 1048576K

Card table byte_map: [0x0000000011d20000,0x0000000011f30000] byte_map_base: 0x0000000011720000

Marking Bits: (ParMarkBitMap*) 0x0000000067479d00
 Begin Bits: [0x0000000012490000, 0x0000000013490000)
 End Bits:   [0x0000000013490000, 0x0000000014490000)

Polling page: 0x00000000027c0000

CodeCache: size=245760Kb used=5318Kb max_used=5318Kb free=240441Kb
 bounds [0x0000000002960000, 0x0000000002ea0000, 0x0000000011960000]
 total_blobs=1571 nmethods=1303 adapters=182
 compilation: enabled

Compilation events (10 events):
Event: 1.643 Thread 0x000000001508b000 nmethod 1310 0x0000000002e8dfd0 code [0x0000000002e8e140, 0x0000000002e8e2a8]
Event: 1.644 Thread 0x000000001508b000 1311       3       java.util.HashMap::tableSizeFor (59 bytes)
Event: 1.644 Thread 0x000000001508b000 nmethod 1311 0x0000000002e8e350 code [0x0000000002e8e4c0, 0x0000000002e8e6d0]
Event: 1.644 Thread 0x000000001508b000 1312       3       com.android.dx.ssa.DomFront::<init> (60 bytes)
Event: 1.644 Thread 0x000000001508b000 nmethod 1312 0x0000000002e8e750 code [0x0000000002e8e8e0, 0x0000000002e8ef30]
Event: 1.645 Thread 0x000000001508b000 1313       3       com.android.dx.ssa.DomFront::run (264 bytes)
Event: 1.649 Thread 0x000000001508b000 nmethod 1313 0x0000000002e8f210 code [0x0000000002e8f780, 0x0000000002e92de8]
Event: 1.649 Thread 0x000000001508b000 1314       3       com.android.dx.ssa.NormalSsaInsn::canThrow (8 bytes)
Event: 1.649 Thread 0x000000001508b000 nmethod 1314 0x0000000002e94c90 code [0x0000000002e94e20, 0x0000000002e95268]
Event: 1.649 Thread 0x000000001508b000 1316   !   2       com.android.dx.cf.code.BytecodeArray::parseInstruction (2764 bytes)

GC Heap History (2 events):
Event: 1.459 GC heap before
{Heap before GC invocations=1 (full 0):
 PSYoungGen      total 38400K, used 33280K [0x00000000eab00000, 0x00000000ed580000, 0x0000000100000000)
  eden space 33280K, 100% used [0x00000000eab00000,0x00000000ecb80000,0x00000000ecb80000)
  from space 5120K, 0% used [0x00000000ed080000,0x00000000ed080000,0x00000000ed580000)
  to   space 5120K, 0% used [0x00000000ecb80000,0x00000000ecb80000,0x00000000ed080000)
 ParOldGen       total 87552K, used 0K [0x00000000c0000000, 0x00000000c5580000, 0x00000000eab00000)
  object space 87552K, 0% used [0x00000000c0000000,0x00000000c0000000,0x00000000c5580000)
 Metaspace       used 5943K, capacity 6960K, committed 7040K, reserved 1056768K
  class space    used 573K, capacity 616K, committed 640K, reserved 1048576K
Event: 1.582 GC heap after
Heap after GC invocations=1 (full 0):
 PSYoungGen      total 38400K, used 5099K [0x00000000eab00000, 0x00000000ef600000, 0x0000000100000000)
  eden space 33280K, 0% used [0x00000000eab00000,0x00000000eab00000,0x00000000ecb80000)
  from space 5120K, 99% used [0x00000000ecb80000,0x00000000ed07ae90,0x00000000ed080000)
  to   space 5120K, 0% used [0x00000000ef100000,0x00000000ef100000,0x00000000ef600000)
 ParOldGen       total 87552K, used 1409K [0x00000000c0000000, 0x00000000c5580000, 0x00000000eab00000)
  object space 87552K, 1% used [0x00000000c0000000,0x00000000c01607f8,0x00000000c5580000)
 Metaspace       used 5943K, capacity 6960K, committed 7040K, reserved 1056768K
  class space    used 573K, capacity 616K, committed 640K, reserved 1048576K
}

Deoptimization events (10 events):
Event: 0.809 Thread 0x0000000016c12000 Uncommon trap: reason=unstable_if action=reinterpret pc=0x0000000002b775dc method=java.util.HashMap.getNode(ILjava/lang/Object;)Ljava/util/HashMap$Node; @ 129
Event: 0.830 Thread 0x0000000016c12000 Uncommon trap: reason=unstable_if action=reinterpret pc=0x0000000002b78df0 method=java.util.BitSet.nextSetBit(I)I @ 87
Event: 1.170 Thread 0x0000000016bfc000 Uncommon trap: reason=unstable_if action=reinterpret pc=0x0000000002bbffc0 method=java.util.HashMap.getNode(ILjava/lang/Object;)Ljava/util/HashMap$Node; @ 129
Event: 1.215 Thread 0x0000000016bfc000 Uncommon trap: reason=null_check action=make_not_entrant pc=0x0000000002c76368 method=com.android.dx.rop.type.Type.equals(Ljava/lang/Object;)Z @ 8
Event: 1.271 Thread 0x0000000016bfa000 Uncommon trap: reason=null_check action=make_not_entrant pc=0x0000000002c5df60 method=com.android.dx.ssa.SsaRenamer.getLocalForNewReg(I)Lcom/android/dx/rop/code/LocalItem; @ 19
Event: 1.271 Thread 0x0000000016bfa000 Uncommon trap: reason=null_check action=make_not_entrant pc=0x0000000002c571e0 method=com.android.dx.ssa.SsaRenamer.getLocalForNewReg(I)Lcom/android/dx/rop/code/LocalItem; @ 19
Event: 1.646 Thread 0x0000000016bfc000 Uncommon trap: reason=class_check action=maybe_recompile pc=0x0000000002e5c8dc method=com.android.dx.cf.code.BytecodeArray.parseInstruction(ILcom/android/dx/cf/code/BytecodeArray$Visitor;)I @ 2135
Event: 1.646 Thread 0x0000000016bfc000 Uncommon trap: reason=class_check action=maybe_recompile pc=0x0000000002e5c8dc method=com.android.dx.cf.code.BytecodeArray.parseInstruction(ILcom/android/dx/cf/code/BytecodeArray$Visitor;)I @ 2135
Event: 1.648 Thread 0x0000000016bfc000 Uncommon trap: reason=class_check action=maybe_recompile pc=0x0000000002e5c8dc method=com.android.dx.cf.code.BytecodeArray.parseInstruction(ILcom/android/dx/cf/code/BytecodeArray$Visitor;)I @ 2135
Event: 1.649 Thread 0x0000000016bfc000 Uncommon trap: reason=class_check action=maybe_recompile pc=0x0000000002e5c8dc method=com.android.dx.cf.code.BytecodeArray.parseInstruction(ILcom/android/dx/cf/code/BytecodeArray$Visitor;)I @ 2135

Internal exceptions (5 events):
Event: 0.050 Thread 0x000000000295d800 Exception <a 'java/lang/NoSuchMethodError': Method sun.misc.Unsafe.defineClass(Ljava/lang/String;[BII)Ljava/lang/Class; name or signature does not match> (0x00000000eab07cc0) thrown at [C:\src\android\AOSP-openjdk\external\jetbrains\jdk\hotspot\src\share\v-›ö÷ù∆©?
Event: 0.050 Thread 0x000000000295d800 Exception <a 'java/lang/NoSuchMethodError': Method sun.misc.Unsafe.prefetchRead(Ljava/lang/Object;J)V name or signature does not match> (0x00000000eab07fa8) thrown at [C:\src\android\AOSP-openjdk\external\jetbrains\jdk\hotspot\src\share\vm\prims\jni.cpp, lÈ	0<OpÛ?
Event: 1.215 Thread 0x0000000016bfc000 Implicit null exception at 0x0000000002c76262 to 0x0000000002c7635a
Event: 1.271 Thread 0x0000000016bfa000 Implicit null exception at 0x0000000002c5b952 to 0x0000000002c5df15
Event: 1.271 Thread 0x0000000016bfa000 Implicit null exception at 0x0000000002c54fc0 to 0x0000000002c571bd

Events (10 events):
Event: 1.646 Thread 0x0000000016bfc000 DEOPT UNPACKING pc=0x00000000029a556a sp=0x000000001748ecf0 mode 2
Event: 1.646 Thread 0x0000000016bfc000 Uncommon trap: trap_request=0xffffffde fr.pc=0x0000000002e5c8dc
Event: 1.646 Thread 0x0000000016bfc000 DEOPT PACKING pc=0x0000000002e5c8dc sp=0x000000001748ed60
Event: 1.646 Thread 0x0000000016bfc000 DEOPT UNPACKING pc=0x00000000029a556a sp=0x000000001748ecf0 mode 2
Event: 1.648 Thread 0x0000000016bfc000 Uncommon trap: trap_request=0xffffffde fr.pc=0x0000000002e5c8dc
Event: 1.648 Thread 0x0000000016bfc000 DEOPT PACKING pc=0x0000000002e5c8dc sp=0x000000001748ed60
Event: 1.648 Thread 0x0000000016bfc000 DEOPT UNPACKING pc=0x00000000029a556a sp=0x000000001748ecf0 mode 2
Event: 1.648 Thread 0x0000000016bfc000 Uncommon trap: trap_request=0xffffffde fr.pc=0x0000000002e5c8dc
Event: 1.649 Thread 0x0000000016bfc000 DEOPT PACKING pc=0x0000000002e5c8dc sp=0x000000001748ed60
Event: 1.649 Thread 0x0000000016bfc000 DEOPT UNPACKING pc=0x00000000029a556a sp=0x000000001748ecf0 mode 2


Dynamic libraries:
0x00007ff6e7420000 - 0x00007ff6e7451000 	C:\Program Files\Android\Android Studio\jre\bin\java.exe
0x00007ffc551a0000 - 0x00007ffc55371000 	C:\WINDOWS\SYSTEM32\ntdll.dll
0x00007ffc527c0000 - 0x00007ffc5286b000 	C:\WINDOWS\System32\KERNEL32.DLL
0x00007ffc52060000 - 0x00007ffc5227d000 	C:\WINDOWS\System32\KERNELBASE.dll
0x00007ffc540b0000 - 0x00007ffc54152000 	C:\WINDOWS\System32\ADVAPI32.dll
0x00007ffc54f40000 - 0x00007ffc54fde000 	C:\WINDOWS\System32\msvcrt.dll
0x00007ffc53d80000 - 0x00007ffc53dd9000 	C:\WINDOWS\System32\sechost.dll
0x00007ffc54450000 - 0x00007ffc54571000 	C:\WINDOWS\System32\RPCRT4.dll
0x00007ffc53f40000 - 0x00007ffc540a5000 	C:\WINDOWS\System32\USER32.dll
0x00007ffc52710000 - 0x00007ffc5272e000 	C:\WINDOWS\System32\win32u.dll
0x00007ffc550b0000 - 0x00007ffc550e4000 	C:\WINDOWS\System32\GDI32.dll
0x00007ffc52580000 - 0x00007ffc52702000 	C:\WINDOWS\System32\gdi32full.dll
0x00007ffc43d20000 - 0x00007ffc43f99000 	C:\WINDOWS\WinSxS\amd64_microsoft.windows.common-controls_6595b64144ccf1df_6.0.14393.447_none_42191651c6827bb3\COMCTL32.dll
0x00007ffc54640000 - 0x00007ffc54907000 	C:\WINDOWS\System32\combase.dll
0x00007ffc52380000 - 0x00007ffc52475000 	C:\WINDOWS\System32\ucrtbase.dll
0x00007ffc51ff0000 - 0x00007ffc5205a000 	C:\WINDOWS\System32\bcryptPrimitives.dll
0x00007ffc550f0000 - 0x00007ffc5511e000 	C:\WINDOWS\System32\IMM32.DLL
0x0000000066b00000 - 0x0000000066bd2000 	C:\Program Files\Android\Android Studio\jre\jre\bin\msvcr100.dll
0x0000000066cc0000 - 0x00000000674f4000 	C:\Program Files\Android\Android Studio\jre\jre\bin\server\jvm.dll
0x00007ffc52730000 - 0x00007ffc52738000 	C:\WINDOWS\System32\PSAPI.DLL
0x00007ffc38750000 - 0x00007ffc38759000 	C:\WINDOWS\SYSTEM32\WSOCK32.dll
0x00007ffc55120000 - 0x00007ffc5518a000 	C:\WINDOWS\System32\WS2_32.dll
0x00007ffc4f440000 - 0x00007ffc4f463000 	C:\WINDOWS\SYSTEM32\WINMM.dll
0x00007ffc41870000 - 0x00007ffc4187a000 	C:\WINDOWS\SYSTEM32\VERSION.dll
0x00007ffc4f3e0000 - 0x00007ffc4f40b000 	C:\WINDOWS\SYSTEM32\WINMMBASE.dll
0x00007ffc52480000 - 0x00007ffc524c2000 	C:\WINDOWS\System32\cfgmgr32.dll
0x00007ffc4ee10000 - 0x00007ffc4ee1f000 	C:\Program Files\Android\Android Studio\jre\jre\bin\verify.dll
0x00007ffc3e6c0000 - 0x00007ffc3e6e9000 	C:\Program Files\Android\Android Studio\jre\jre\bin\java.dll
0x00007ffc48c10000 - 0x00007ffc48c26000 	C:\Program Files\Android\Android Studio\jre\jre\bin\zip.dll
0x00007ffc52870000 - 0x00007ffc53d79000 	C:\WINDOWS\System32\SHELL32.dll
0x00007ffc51690000 - 0x00007ffc51d6a000 	C:\WINDOWS\System32\windows.storage.dll
0x00007ffc51630000 - 0x00007ffc5167c000 	C:\WINDOWS\System32\powrprof.dll
0x00007ffc52760000 - 0x00007ffc527b2000 	C:\WINDOWS\System32\shlwapi.dll
0x00007ffc51620000 - 0x00007ffc5162f000 	C:\WINDOWS\System32\kernel.appcore.dll
0x00007ffc51f40000 - 0x00007ffc51fe9000 	C:\WINDOWS\System32\shcore.dll
0x00007ffc51600000 - 0x00007ffc51614000 	C:\WINDOWS\System32\profapi.dll

VM Arguments:
jvm_args: -Djava.awt.headless=true -Xmx1024M -Dfile.encoding=windows-1252 -Duser.country=US -Duser.language=en -Duser.variant 
java_command: com.android.dx.command.Main --dex --force-jumbo --num-threads=4 --multi-dex --output C:\Users\alex\AndroidStudioProjects\Frontend\app\build\intermediates\transforms\dex\debug\folders\1000\2\gson-2.8.0_d19f699a5906d81136fe037e53514dfa3e79da16 C:\Users\alex\AndroidStudioProjects\Frontend\app\libs\gson-2.8.0.jar
java_class_path (initial): C:\Users\alex\AppData\Local\Android\sdk\build-tools\25.0.0\lib\dx.jar
Launcher Type: SUN_STANDARD

Environment Variables:
JAVA_HOME=C:\Program Files\Java\jdk1.8.0_101
PATH=C:\ProgramData\Oracle\Java\javapath;C:\Program Files (x86)\Lenovo\FusionEngine;C:\Program Files (x86)\Intel\iCLS Client\;C:\Program Files\Intel\iCLS Client\;C:\WINDOWS\system32;C:\WINDOWS;C:\WINDOWS\System32\Wbem;C:\WINDOWS\System32\WindowsPowerShell\v1.0\;C:\Program Files\Intel\Intel(R) Management Engine Components\DAL;C:\Program Files\Intel\Intel(R) Management Engine Components\IPT;C:\Program Files (x86)\Intel\Intel(R) Management Engine Components\DAL;C:\Program Files (x86)\Intel\Intel(R) Management Engine Components\IPT;C:\Program Files\Intel\WiFi\bin\;C:\Program Files\Common Files\Intel\WirelessCommon\;C:\Program Files (x86)\Lenovo\Motion Control\;C:\Program Files (x86)\Common Files\lenovo\easyplussdk\bin;C:\Program Files\TortoiseSVN\bin;C:\Program Files (x86)\Skype\Phone\;C:\Program Files\MATLAB\R2016a\runtime\win64;C:\Program Files\MATLAB\R2016a\bin;C:\Program Files\MATLAB\R2016a\polyspace\bin;C:\Program Files (x86)\Brackets\command;C:\Users\alex\AppData\Local\Android\sdk\platform-tools;C:\Users\alex\AppData\Local\Android\sdk\tools;C:\Program Files\Git\cmd;C:\texlive\2015\bin\win32;C:\Users\alex\AppData\Local\Microsoft\WindowsApps;C:\Users\alex\AppData\Local\GitHub\PortableGit_63435a79518b44808827aa3194b76bea96231189\cmd;C:\Program Files\Git\cmd
USERNAME=alex
OS=Windows_NT
PROCESSOR_IDENTIFIER=Intel64 Family 6 Model 69 Stepping 1, GenuineIntel



---------------  S Y S T E M  ---------------

OS: Windows 10.0 , 64 bit Build 14393 (10.0.14393.0)

CPU:total 4 (2 cores per cpu, 2 threads per core) family 6 model 69 stepping 1, cmov, cx8, fxsr, mmx, sse, sse2, sse3, ssse3, sse4.1, sse4.2, popcnt, avx, avx2, aes, clmul, erms, lzcnt, ht, tsc, tscinvbit, bmi1, bmi2

Memory: 4k page, physical 8307672k(967576k free), swap 17881196k(4896k free)

vm_info: OpenJDK 64-Bit Server VM (25.76-b03) for windows-amd64 JRE (1.8.0_76-release-b03), built on Jun 29 2016 19:09:20 by "ralucas" with MS VC++ 10.0 (VS2010)

time: Sun Dec 04 16:18:46 2016
elapsed time: 1 seconds (0d 0h 0m 1s)

