#
# There is insufficient memory for the Java Runtime Environment to continue.
# Native memory allocation (malloc) failed to allocate 32744 bytes for ChunkPool::allocate
# Possible reasons:
#   The system is out of physical RAM or swap space
#   In 32 bit mode, the process size limit was hit
# Possible solutions:
#   Reduce memory load on the system
#   Increase physical memory or swap space
#   Check if swap backing store is full
#   Use 64 bit Java on a 64 bit OS
#   Decrease Java heap size (-Xmx/-Xms)
#   Decrease number of Java threads
#   Decrease Java thread stack sizes (-Xss)
#   Set larger code cache with -XX:ReservedCodeCacheSize=
# This output file may be truncated or incomplete.
#
#  Out of Memory Error (allocation.cpp:273), pid=17220, tid=0x00000000000005bc
#
# JRE version: OpenJDK Runtime Environment (8.0_76-b03) (build 1.8.0_76-release-b03)
# Java VM: OpenJDK 64-Bit Server VM (25.76-b03 mixed mode windows-amd64 compressed oops)
# Failed to write core dump. Minidumps are not enabled by default on client versions of Windows
#

---------------  T H R E A D  ---------------

Current thread (0x0000000015220000):  JavaThread "C2 CompilerThread1" daemon [_thread_in_native, id=1468, stack(0x0000000016880000,0x0000000016980000)]

Stack: [0x0000000016880000,0x0000000016980000]
[error occurred during error reporting (printing stack bounds), id 0xc0000005]

Native frames: (J=compiled Java code, j=interpreted, Vv=VM code, C=native code)


Current CompileTask:
C2:   1742  213   !   4       com.android.dx.cf.cst.ConstantPoolParser::parse0 (731 bytes)


---------------  P R O C E S S  ---------------

Java Threads: ( => current thread )
  0x0000000016d05000 JavaThread "pool-2-thread-4" [_thread_new, id=13980, stack(0x0000000000000000,0x0000000000000000)]
  0x0000000016cff000 JavaThread "pool-2-thread-3" [_thread_new, id=17304, stack(0x0000000000000000,0x0000000000000000)]
  0x0000000016cf5000 JavaThread "pool-2-thread-2" [_thread_new, id=13448, stack(0x0000000000000000,0x0000000000000000)]
  0x0000000016bbd000 JavaThread "pool-3-thread-1" [_thread_blocked, id=5064, stack(0x0000000017180000,0x0000000017280000)]
  0x0000000016bb6000 JavaThread "pool-2-thread-1" [_thread_in_vm, id=5616, stack(0x0000000017080000,0x0000000017180000)]
  0x000000001527d800 JavaThread "Service Thread" daemon [_thread_blocked, id=18412, stack(0x0000000016e80000,0x0000000016f80000)]
  0x0000000015279000 JavaThread "C1 CompilerThread2" daemon [_thread_in_native, id=13600, stack(0x0000000016980000,0x0000000016a80000)]
=>0x0000000015220000 JavaThread "C2 CompilerThread1" daemon [_thread_in_native, id=1468, stack(0x0000000016880000,0x0000000016980000)]
  0x000000001521c800 JavaThread "C2 CompilerThread0" daemon [_thread_in_vm, id=12512, stack(0x0000000016780000,0x0000000016880000)]
  0x000000001521b000 JavaThread "Attach Listener" daemon [_thread_blocked, id=5840, stack(0x0000000016680000,0x0000000016780000)]
  0x000000001521a000 JavaThread "Signal Dispatcher" daemon [_thread_blocked, id=7940, stack(0x0000000016580000,0x0000000016680000)]
  0x0000000015208800 JavaThread "Finalizer" daemon [_thread_blocked, id=17172, stack(0x0000000016480000,0x0000000016580000)]
  0x0000000002b41800 JavaThread "Reference Handler" daemon [_thread_blocked, id=10664, stack(0x0000000016380000,0x0000000016480000)]
  0x000000000294d800 JavaThread "main" [_thread_in_vm, id=12508, stack(0x0000000002950000,0x0000000002a50000)]

Other Threads:
  0x00000000151e6000 VMThread [stack: 0x0000000016280000,0x0000000016380000] [id=5004]
  0x0000000016a81800 WatcherThread [stack: 0x0000000016f80000,0x0000000017080000] [id=5496]

VM state:not at safepoint (normal execution)

VM Mutex/Monitor currently owned by a thread: None

Heap:
 PSYoungGen      total 38400K, used 6011K [0x00000000eab00000, 0x00000000ed580000, 0x0000000100000000)
  eden space 33280K, 18% used [0x00000000eab00000,0x00000000eb0decc0,0x00000000ecb80000)
  from space 5120K, 0% used [0x00000000ed080000,0x00000000ed080000,0x00000000ed580000)
  to   space 5120K, 0% used [0x00000000ecb80000,0x00000000ecb80000,0x00000000ed080000)
 ParOldGen       total 87552K, used 0K [0x00000000c0000000, 0x00000000c5580000, 0x00000000eab00000)
  object space 87552K, 0% used [0x00000000c0000000,0x00000000c0000000,0x00000000c5580000)
 Metaspace       used 4009K, capacity 5392K, committed 5760K, reserved 1056768K
  class space    used 439K, capacity 520K, committed 640K, reserved 1048576K

Card table byte_map: [0x0000000011f10000,0x0000000012120000] byte_map_base: 0x0000000011910000

Marking Bits: (ParMarkBitMap*) 0x0000000067479d00
 Begin Bits: [0x0000000012680000, 0x0000000013680000)
 End Bits:   [0x0000000013680000, 0x0000000014680000)

Polling page: 0x00000000027d0000

CodeCache: size=245760Kb used=1550Kb max_used=1550Kb free=244209Kb
 bounds [0x0000000002b50000, 0x0000000002dc0000, 0x0000000011b50000]
 total_blobs=467 nmethods=215 adapters=166
 compilation: enabled

Compilation events (10 events):
Event: 1.707 Thread 0x0000000015279000 nmethod 210 0x0000000002cd0290 code [0x0000000002cd0400, 0x0000000002cd0648]
Event: 1.707 Thread 0x0000000015279000  211       1       com.android.dx.util.MutabilityControl::isMutable (5 bytes)
Event: 1.707 Thread 0x0000000015279000 nmethod 211 0x0000000002cc0d90 code [0x0000000002cc0ee0, 0x0000000002cc0ff0]
Event: 1.710 Thread 0x0000000015279000  212       3       com.android.dx.rop.cst.CstString::utf8BytesToString (391 bytes)
Event: 1.712 Thread 0x0000000015279000 nmethod 212 0x0000000002cd1590 code [0x0000000002cd1840, 0x0000000002cd29b8]
Event: 1.712 Thread 0x0000000015220000  213   !   4       com.android.dx.cf.cst.ConstantPoolParser::parse0 (731 bytes)
Event: 1.720 Thread 0x0000000015279000  215       3       java.lang.String::compareTo (78 bytes)
Event: 1.721 Thread 0x0000000015279000 nmethod 215 0x0000000002ccf810 code [0x0000000002ccf980, 0x0000000002ccfcd0]
Event: 1.728 Thread 0x0000000015279000  216   !   3       java.util.zip.InflaterInputStream::read (138 bytes)
Event: 1.729 Thread 0x0000000015279000 nmethod 216 0x0000000002cd3450 code [0x0000000002cd36c0, 0x0000000002cd47c8]

GC Heap History (0 events):
No events

Deoptimization events (1 events):
Event: 1.710 Thread 0x000000000294d800 Uncommon trap: reason=unstable_if action=reinterpret pc=0x0000000002cc9850 method=java.lang.String.<init>([CII)V @ 18

Internal exceptions (2 events):
Event: 0.059 Thread 0x000000000294d800 Exception <a 'java/lang/NoSuchMethodError': Method sun.misc.Unsafe.defineClass(Ljava/lang/String;[BII)Ljava/lang/Class; name or signature does not match> (0x00000000eab07cc0) thrown at [C:\src\android\AOSP-openjdk\external\jetbrains\jdk\hotspot\src\share\v‚Îþ©®?
Event: 0.059 Thread 0x000000000294d800 Exception <a 'java/lang/NoSuchMethodError': Method sun.misc.Unsafe.prefetchRead(Ljava/lang/Object;J)V name or signature does not match> (0x00000000eab07fa8) thrown at [C:\src\android\AOSP-openjdk\external\jetbrains\jdk\hotspot\src\share\vm\prims\jni.cpp, l

Events (10 events):
Event: 1.726 loading class com/android/dx/rop/code/ThrowingInsn
Event: 1.726 loading class com/android/dx/rop/code/ThrowingInsn done
Event: 1.727 loading class com/android/dx/rop/code/PlainCstInsn
Event: 1.727 loading class com/android/dx/rop/code/PlainCstInsn done
Event: 1.727 loading class com/android/dx/rop/code/CstInsn
Event: 1.727 loading class com/android/dx/rop/code/CstInsn done
Event: 1.730 loading class com/android/dx/rop/code/ThrowingCstInsn
Event: 1.730 loading class com/android/dx/rop/code/ThrowingCstInsn done
Event: 1.731 loading class com/android/dx/cf/code/BasicBlocker
Event: 1.731 loading class com/android/dx/cf/code/BasicBlocker done


Dynamic libraries:
0x00007ff6e7420000 - 0x00007ff6e7451000 	C:\Program Files\Android\Android Studio\jre\bin\java.exe
0x00007ffc551a0000 - 0x00007ffc55371000 	C:\WINDOWS\SYSTEM32\ntdll.dll
0x00007ffc527c0000 - 0x00007ffc5286b000 	C:\WINDOWS\System32\KERNEL32.DLL
0x00007ffc52060000 - 0x00007ffc5227d000 	C:\WINDOWS\System32\KERNELBASE.dll
0x00007ffc540b0000 - 0x00007ffc54152000 	C:\WINDOWS\System32\ADVAPI32.dll
0x00007ffc54f40000 - 0x00007ffc54fde000 	C:\WINDOWS\System32\msvcrt.dll
0x00007ffc53d80000 - 0x00007ffc53dd9000 	C:\WINDOWS\System32\sechost.dll
0x00007ffc54450000 - 0x00007ffc54571000 	C:\WINDOWS\System32\RPCRT4.dll
0x00007ffc53f40000 - 0x00007ffc540a5000 	C:\WINDOWS\System32\USER32.dll
0x00007ffc52710000 - 0x00007ffc5272e000 	C:\WINDOWS\System32\win32u.dll
0x00007ffc550b0000 - 0x00007ffc550e4000 	C:\WINDOWS\System32\GDI32.dll
0x00007ffc52580000 - 0x00007ffc52702000 	C:\WINDOWS\System32\gdi32full.dll
0x00007ffc43d20000 - 0x00007ffc43f99000 	C:\WINDOWS\WinSxS\amd64_microsoft.windows.common-controls_6595b64144ccf1df_6.0.14393.447_none_42191651c6827bb3\COMCTL32.dll
0x00007ffc54640000 - 0x00007ffc54907000 	C:\WINDOWS\System32\combase.dll
0x00007ffc52380000 - 0x00007ffc52475000 	C:\WINDOWS\System32\ucrtbase.dll
0x00007ffc51ff0000 - 0x00007ffc5205a000 	C:\WINDOWS\System32\bcryptPrimitives.dll
0x00007ffc550f0000 - 0x00007ffc5511e000 	C:\WINDOWS\System32\IMM32.DLL
0x0000000066b00000 - 0x0000000066bd2000 	C:\Program Files\Android\Android Studio\jre\jre\bin\msvcr100.dll
0x0000000066cc0000 - 0x00000000674f4000 	C:\Program Files\Android\Android Studio\jre\jre\bin\server\jvm.dll
0x00007ffc52730000 - 0x00007ffc52738000 	C:\WINDOWS\System32\PSAPI.DLL
0x00007ffc38750000 - 0x00007ffc38759000 	C:\WINDOWS\SYSTEM32\WSOCK32.dll
0x00007ffc55120000 - 0x00007ffc5518a000 	C:\WINDOWS\System32\WS2_32.dll
0x00007ffc4f440000 - 0x00007ffc4f463000 	C:\WINDOWS\SYSTEM32\WINMM.dll
0x00007ffc41870000 - 0x00007ffc4187a000 	C:\WINDOWS\SYSTEM32\VERSION.dll
0x00007ffc4f3e0000 - 0x00007ffc4f40b000 	C:\WINDOWS\SYSTEM32\WINMMBASE.dll
0x00007ffc52480000 - 0x00007ffc524c2000 	C:\WINDOWS\System32\cfgmgr32.dll
0x00007ffc4ee10000 - 0x00007ffc4ee1f000 	C:\Program Files\Android\Android Studio\jre\jre\bin\verify.dll
0x00007ffc3e6c0000 - 0x00007ffc3e6e9000 	C:\Program Files\Android\Android Studio\jre\jre\bin\java.dll
0x00007ffc48c10000 - 0x00007ffc48c26000 	C:\Program Files\Android\Android Studio\jre\jre\bin\zip.dll
0x00007ffc52870000 - 0x00007ffc53d79000 	C:\WINDOWS\System32\SHELL32.dll
0x00007ffc51690000 - 0x00007ffc51d6a000 	C:\WINDOWS\System32\windows.storage.dll
0x00007ffc51630000 - 0x00007ffc5167c000 	C:\WINDOWS\System32\powrprof.dll
0x00007ffc52760000 - 0x00007ffc527b2000 	C:\WINDOWS\System32\shlwapi.dll
0x00007ffc51620000 - 0x00007ffc5162f000 	C:\WINDOWS\System32\kernel.appcore.dll
0x00007ffc51f40000 - 0x00007ffc51fe9000 	C:\WINDOWS\System32\shcore.dll
0x00007ffc51600000 - 0x00007ffc51614000 	C:\WINDOWS\System32\profapi.dll

VM Arguments:
jvm_args: -Djava.awt.headless=true -Xmx1024M -Dfile.encoding=windows-1252 -Duser.country=US -Duser.language=en -Duser.variant 
java_command: com.android.dx.command.Main --dex --force-jumbo --num-threads=4 --multi-dex --output C:\Users\alex\AndroidStudioProjects\Frontend\app\build\intermediates\transforms\dex\debug\folders\1000\5\slice_6 C:\Users\alex\AndroidStudioProjects\Frontend\app\build\intermediates\transforms\instantRunSlicer\debug\folders\1\5\slice_6
java_class_path (initial): C:\Users\alex\AppData\Local\Android\sdk\build-tools\25.0.0\lib\dx.jar
Launcher Type: SUN_STANDARD

Environment Variables:
JAVA_HOME=C:\Program Files\Java\jdk1.8.0_101
PATH=C:\ProgramData\Oracle\Java\javapath;C:\Program Files (x86)\Lenovo\FusionEngine;C:\Program Files (x86)\Intel\iCLS Client\;C:\Program Files\Intel\iCLS Client\;C:\WINDOWS\system32;C:\WINDOWS;C:\WINDOWS\System32\Wbem;C:\WINDOWS\System32\WindowsPowerShell\v1.0\;C:\Program Files\Intel\Intel(R) Management Engine Components\DAL;C:\Program Files\Intel\Intel(R) Management Engine Components\IPT;C:\Program Files (x86)\Intel\Intel(R) Management Engine Components\DAL;C:\Program Files (x86)\Intel\Intel(R) Management Engine Components\IPT;C:\Program Files\Intel\WiFi\bin\;C:\Program Files\Common Files\Intel\WirelessCommon\;C:\Program Files (x86)\Lenovo\Motion Control\;C:\Program Files (x86)\Common Files\lenovo\easyplussdk\bin;C:\Program Files\TortoiseSVN\bin;C:\Program Files (x86)\Skype\Phone\;C:\Program Files\MATLAB\R2016a\runtime\win64;C:\Program Files\MATLAB\R2016a\bin;C:\Program Files\MATLAB\R2016a\polyspace\bin;C:\Program Files (x86)\Brackets\command;C:\Users\alex\AppData\Local\Android\sdk\platform-tools;C:\Users\alex\AppData\Local\Android\sdk\tools;C:\Program Files\Git\cmd;C:\texlive\2015\bin\win32;C:\Users\alex\AppData\Local\Microsoft\WindowsApps;C:\Users\alex\AppData\Local\GitHub\PortableGit_63435a79518b44808827aa3194b76bea96231189\cmd;C:\Program Files\Git\cmd
USERNAME=alex
OS=Windows_NT
PROCESSOR_IDENTIFIER=Intel64 Family 6 Model 69 Stepping 1, GenuineIntel



---------------  S Y S T E M  ---------------

OS: Windows 10.0 , 64 bit Build 14393 (10.0.14393.0)

CPU:total 4 (2 cores per cpu, 2 threads per core) family 6 model 69 stepping 1, cmov, cx8, fxsr, mmx, sse, sse2, sse3, ssse3, sse4.1, sse4.2, popcnt, avx, avx2, aes, clmul, erms, lzcnt, ht, tsc, tscinvbit, bmi1, bmi2

Memory: 4k page, physical 8307672k(1004616k free), swap 17881196k(4112k free)

vm_info: OpenJDK 64-Bit Server VM (25.76-b03) for windows-amd64 JRE (1.8.0_76-release-b03), built on Jun 29 2016 19:09:20 by "ralucas" with MS VC++ 10.0 (VS2010)

time: Sun Dec 04 16:20:43 2016
elapsed time: 1 seconds (0d 0h 0m 1s)

