#
# There is insufficient memory for the Java Runtime Environment to continue.
# Native memory allocation (malloc) failed to allocate 326096 bytes for Chunk::new
# Possible reasons:
#   The system is out of physical RAM or swap space
#   In 32 bit mode, the process size limit was hit
# Possible solutions:
#   Reduce memory load on the system
#   Increase physical memory or swap space
#   Check if swap backing store is full
#   Use 64 bit Java on a 64 bit OS
#   Decrease Java heap size (-Xmx/-Xms)
#   Decrease number of Java threads
#   Decrease Java thread stack sizes (-Xss)
#   Set larger code cache with -XX:ReservedCodeCacheSize=
# This output file may be truncated or incomplete.
#
#  Out of Memory Error (allocation.cpp:390), pid=17264, tid=0x0000000000003080
#
# JRE version: OpenJDK Runtime Environment (8.0_76-b03) (build 1.8.0_76-release-b03)
# Java VM: OpenJDK 64-Bit Server VM (25.76-b03 mixed mode windows-amd64 compressed oops)
# Failed to write core dump. Minidumps are not enabled by default on client versions of Windows
#

---------------  T H R E A D  ---------------

Current thread (0x0000000014908000):  JavaThread "C2 CompilerThread1" daemon [_thread_in_native, id=12416, stack(0x0000000016060000,0x0000000016160000)]

Stack: [0x0000000016060000,0x0000000016160000]
[error occurred during error reporting (printing stack bounds), id 0xc0000005]

Native frames: (J=compiled Java code, j=interpreted, Vv=VM code, C=native code)


Current CompileTask:
C2:   2520 1421       4       com.android.dx.ssa.back.LivenessAnalyzer::run (231 bytes)


---------------  P R O C E S S  ---------------

Java Threads: ( => current thread )
  0x00000000163a5800 JavaThread "pool-2-thread-4" [_thread_in_Java, id=9648, stack(0x0000000016c60000,0x0000000016d60000)]
  0x00000000163a4000 JavaThread "pool-2-thread-3" [_thread_in_Java, id=1324, stack(0x0000000016b60000,0x0000000016c60000)]
  0x00000000163a3000 JavaThread "pool-2-thread-2" [_thread_in_Java, id=5256, stack(0x0000000016a60000,0x0000000016b60000)]
  0x00000000162c4000 JavaThread "pool-3-thread-1" [_thread_blocked, id=5876, stack(0x0000000016960000,0x0000000016a60000)]
  0x00000000162fe800 JavaThread "pool-2-thread-1" [_thread_in_Java, id=4368, stack(0x0000000016860000,0x0000000016960000)]
  0x000000001616c000 JavaThread "Service Thread" daemon [_thread_blocked, id=8620, stack(0x0000000016660000,0x0000000016760000)]
  0x0000000016168800 JavaThread "C1 CompilerThread2" daemon [_thread_blocked, id=16620, stack(0x0000000016560000,0x0000000016660000)]
=>0x0000000014908000 JavaThread "C2 CompilerThread1" daemon [_thread_in_native, id=12416, stack(0x0000000016060000,0x0000000016160000)]
  0x0000000014918800 JavaThread "C2 CompilerThread0" daemon [_thread_in_native, id=9704, stack(0x0000000015f60000,0x0000000016060000)]
  0x0000000014917000 JavaThread "Attach Listener" daemon [_thread_blocked, id=16984, stack(0x0000000015e60000,0x0000000015f60000)]
  0x0000000014915800 JavaThread "Signal Dispatcher" daemon [_thread_blocked, id=120, stack(0x0000000015d60000,0x0000000015e60000)]
  0x0000000002235800 JavaThread "Finalizer" daemon [_thread_blocked, id=4736, stack(0x0000000015b70000,0x0000000015c70000)]
  0x0000000002230800 JavaThread "Reference Handler" daemon [_thread_blocked, id=4376, stack(0x0000000015a70000,0x0000000015b70000)]
  0x000000000210d800 JavaThread "main" [_thread_in_Java, id=10032, stack(0x0000000001fb0000,0x00000000020b0000)]

Other Threads:
  0x00000000148d6000 VMThread [stack: 0x0000000015970000,0x0000000015a70000] [id=16192]
  0x000000001616e800 WatcherThread [stack: 0x0000000016760000,0x0000000016860000] [id=14460]

VM state:synchronizing (normal execution)

VM Mutex/Monitor currently owned by a thread:  ([mutex/lock_event])
[0x000000000210c690] Safepoint_lock - owner thread: 0x00000000148d6000
[0x000000000210cc90] Threads_lock - owner thread: 0x00000000148d6000
[0x000000000210c890] Heap_lock - owner thread: 0x00000000163a3000

Heap:
 PSYoungGen      total 38400K, used 38377K [0x00000000eab00000, 0x00000000ed580000, 0x0000000100000000)
  eden space 33280K, 100% used [0x00000000eab00000,0x00000000ecb80000,0x00000000ecb80000)
  from space 5120K, 99% used [0x00000000ecb80000,0x00000000ed07a7c8,0x00000000ed080000)
  to   space 5120K, 0% used [0x00000000ed080000,0x00000000ed080000,0x00000000ed580000)
 ParOldGen       total 87552K, used 1538K [0x00000000c0000000, 0x00000000c5580000, 0x00000000eab00000)
  object space 87552K, 1% used [0x00000000c0000000,0x00000000c0180850,0x00000000c5580000)
 Metaspace       used 5998K, capacity 7088K, committed 7296K, reserved 1056768K
  class space    used 565K, capacity 616K, committed 640K, reserved 1048576K

Card table byte_map: [0x0000000011600000,0x0000000011810000] byte_map_base: 0x0000000011000000

Marking Bits: (ParMarkBitMap*) 0x0000000067479d00
 Begin Bits: [0x0000000011d70000, 0x0000000012d70000)
 End Bits:   [0x0000000012d70000, 0x0000000013d70000)

Polling page: 0x0000000000540000

CodeCache: size=245760Kb used=5988Kb max_used=5988Kb free=239771Kb
 bounds [0x0000000002240000, 0x0000000002820000, 0x0000000011240000]
 total_blobs=1732 nmethods=1468 adapters=176
 compilation: enabled

Compilation events (10 events):
Event: 2.515 Thread 0x0000000016168800 nmethod 1479 0x0000000002816e10 code [0x0000000002816fa0, 0x0000000002817338]
Event: 2.515 Thread 0x0000000016168800 1480       2       com.android.dx.dex.code.BlockAddresses::<init> (44 bytes)
Event: 2.516 Thread 0x0000000016168800 nmethod 1480 0x0000000002817650 code [0x00000000028177c0, 0x0000000002817b38]
Event: 2.516 Thread 0x0000000016168800 1481       2       com.android.dx.dex.code.OutputFinisher::<init> (48 bytes)
Event: 2.516 Thread 0x0000000016168800 nmethod 1481 0x0000000002817cd0 code [0x0000000002817e40, 0x0000000002818068]
Event: 2.516 Thread 0x0000000016168800 1482       2       com.android.dx.dex.code.OutputCollector::appendSuffixToOutput (45 bytes)
Event: 2.517 Thread 0x0000000016168800 nmethod 1482 0x0000000002818150 code [0x0000000002818300, 0x00000000028187d8]
Event: 2.517 Thread 0x0000000016168800 1483       2       com.android.dx.dex.code.DalvCode::<init> (68 bytes)
Event: 2.517 Thread 0x0000000016168800 nmethod 1483 0x0000000002818d90 code [0x0000000002818f20, 0x0000000002819238]
Event: 2.518 Thread 0x0000000016168800 1484       2       com.android.dx.rop.code.RegisterSpec::withLocalItem (41 bytes)

GC Heap History (2 events):
Event: 2.134 GC heap before
{Heap before GC invocations=1 (full 0):
 PSYoungGen      total 38400K, used 33280K [0x00000000eab00000, 0x00000000ed580000, 0x0000000100000000)
  eden space 33280K, 100% used [0x00000000eab00000,0x00000000ecb80000,0x00000000ecb80000)
  from space 5120K, 0% used [0x00000000ed080000,0x00000000ed080000,0x00000000ed580000)
  to   space 5120K, 0% used [0x00000000ecb80000,0x00000000ecb80000,0x00000000ed080000)
 ParOldGen       total 87552K, used 0K [0x00000000c0000000, 0x00000000c5580000, 0x00000000eab00000)
  object space 87552K, 0% used [0x00000000c0000000,0x00000000c0000000,0x00000000c5580000)
 Metaspace       used 5804K, capacity 6960K, committed 7040K, reserved 1056768K
  class space    used 565K, capacity 616K, committed 640K, reserved 1048576K
Event: 2.162 GC heap after
Heap after GC invocations=1 (full 0):
 PSYoungGen      total 38400K, used 5097K [0x00000000eab00000, 0x00000000ed580000, 0x0000000100000000)
  eden space 33280K, 0% used [0x00000000eab00000,0x00000000eab00000,0x00000000ecb80000)
  from space 5120K, 99% used [0x00000000ecb80000,0x00000000ed07a7c8,0x00000000ed080000)
  to   space 5120K, 0% used [0x00000000ed080000,0x00000000ed080000,0x00000000ed580000)
 ParOldGen       total 87552K, used 1538K [0x00000000c0000000, 0x00000000c5580000, 0x00000000eab00000)
  object space 87552K, 1% used [0x00000000c0000000,0x00000000c0180850,0x00000000c5580000)
 Metaspace       used 5804K, capacity 6960K, committed 7040K, reserved 1056768K
  class space    used 565K, capacity 616K, committed 640K, reserved 1048576K
}

Deoptimization events (10 events):
Event: 2.401 Thread 0x000000000210d800 Uncommon trap: reason=unstable_if action=reinterpret pc=0x000000000266d2a8 method=com.android.dx.rop.code.RegisterSpecSet.put(Lcom/android/dx/rop/code/RegisterSpec;)V @ 77
Event: 2.496 Thread 0x00000000163a3000 Uncommon trap: reason=unstable_if action=reinterpret pc=0x000000000268ab48 method=com.android.dx.rop.code.RegisterSpec.equals(ILcom/android/dx/rop/type/TypeBearer;Lcom/android/dx/rop/code/LocalItem;)Z @ 42
Event: 2.518 Thread 0x00000000163a3000 Uncommon trap: reason=bimorphic action=maybe_recompile pc=0x000000000265dfd4 method=java.util.HashMap.getNode(ILjava/lang/Object;)Ljava/util/HashMap$Node; @ 126
Event: 2.518 Thread 0x00000000163a3000 Uncommon trap: reason=class_check action=maybe_recompile pc=0x00000000025ca790 method=java.util.HashMap.putVal(ILjava/lang/Object;Ljava/lang/Object;ZZ)Ljava/lang/Object; @ 203
Event: 2.518 Thread 0x00000000163a3000 Uncommon trap: reason=bimorphic action=maybe_recompile pc=0x000000000265dfd4 method=java.util.HashMap.getNode(ILjava/lang/Object;)Ljava/util/HashMap$Node; @ 126
Event: 2.518 Thread 0x00000000163a3000 Uncommon trap: reason=class_check action=maybe_recompile pc=0x00000000025ca790 method=java.util.HashMap.putVal(ILjava/lang/Object;Ljava/lang/Object;ZZ)Ljava/lang/Object; @ 203
Event: 2.518 Thread 0x00000000163a3000 Uncommon trap: reason=bimorphic action=maybe_recompile pc=0x000000000265f614 method=java.util.HashMap.getNode(ILjava/lang/Object;)Ljava/util/HashMap$Node; @ 126
Event: 2.518 Thread 0x00000000163a3000 Uncommon trap: reason=bimorphic action=maybe_recompile pc=0x000000000265f614 method=java.util.HashMap.getNode(ILjava/lang/Object;)Ljava/util/HashMap$Node; @ 126
Event: 2.518 Thread 0x00000000163a3000 Uncommon trap: reason=class_check action=maybe_recompile pc=0x00000000025ca790 method=java.util.HashMap.putVal(ILjava/lang/Object;Ljava/lang/Object;ZZ)Ljava/lang/Object; @ 203
Event: 2.518 Thread 0x00000000163a3000 Uncommon trap: reason=bimorphic action=maybe_recompile pc=0x000000000265dfd4 method=java.util.HashMap.getNode(ILjava/lang/Object;)Ljava/util/HashMap$Node; @ 126

Internal exceptions (2 events):
Event: 0.819 Thread 0x000000000210d800 Exception <a 'java/lang/NoSuchMethodError': Method sun.misc.Unsafe.defineClass(Ljava/lang/String;[BII)Ljava/lang/Class; name or signature does not match> (0x00000000eab07cc0) thrown at [C:\src\android\AOSP-openjdk\external\jetbrains\jdk\hotspot\src\share\v/¥k	ð8ê?
Event: 0.819 Thread 0x000000000210d800 Exception <a 'java/lang/NoSuchMethodError': Method sun.misc.Unsafe.prefetchRead(Ljava/lang/Object;J)V name or signature does not match> (0x00000000eab07fa8) thrown at [C:\src\android\AOSP-openjdk\external\jetbrains\jdk\hotspot\src\share\vm\prims\jni.cpp, l

Events (10 events):
Event: 2.518 Thread 0x00000000163a3000 DEOPT UNPACKING pc=0x000000000228556a sp=0x0000000016b5e3f8 mode 2
Event: 2.518 Thread 0x00000000163a3000 Uncommon trap: trap_request=0xffffffc6 fr.pc=0x000000000265f614
Event: 2.518 Thread 0x00000000163a3000 DEOPT PACKING pc=0x000000000265f614 sp=0x0000000016b5e4d0
Event: 2.518 Thread 0x00000000163a3000 DEOPT UNPACKING pc=0x000000000228556a sp=0x0000000016b5e408 mode 2
Event: 2.518 Thread 0x00000000163a3000 Uncommon trap: trap_request=0xffffffde fr.pc=0x00000000025ca790
Event: 2.518 Thread 0x00000000163a3000 DEOPT PACKING pc=0x00000000025ca790 sp=0x0000000016b5e970
Event: 2.518 Thread 0x00000000163a3000 DEOPT UNPACKING pc=0x000000000228556a sp=0x0000000016b5e8f8 mode 2
Event: 2.518 Thread 0x00000000163a3000 Uncommon trap: trap_request=0xffffffc6 fr.pc=0x000000000265dfd4
Event: 2.518 Thread 0x00000000163a3000 DEOPT PACKING pc=0x000000000265dfd4 sp=0x0000000016b5e7d0
Event: 2.518 Thread 0x00000000163a3000 DEOPT UNPACKING pc=0x000000000228556a sp=0x0000000016b5e768 mode 2


Dynamic libraries:
0x00007ff6e7420000 - 0x00007ff6e7451000 	C:\Program Files\Android\Android Studio\jre\bin\java.exe
0x00007ffc551a0000 - 0x00007ffc55371000 	C:\WINDOWS\SYSTEM32\ntdll.dll
0x00007ffc527c0000 - 0x00007ffc5286b000 	C:\WINDOWS\System32\KERNEL32.DLL
0x00007ffc52060000 - 0x00007ffc5227d000 	C:\WINDOWS\System32\KERNELBASE.dll
0x00007ffc540b0000 - 0x00007ffc54152000 	C:\WINDOWS\System32\ADVAPI32.dll
0x00007ffc54f40000 - 0x00007ffc54fde000 	C:\WINDOWS\System32\msvcrt.dll
0x00007ffc53d80000 - 0x00007ffc53dd9000 	C:\WINDOWS\System32\sechost.dll
0x00007ffc54450000 - 0x00007ffc54571000 	C:\WINDOWS\System32\RPCRT4.dll
0x00007ffc53f40000 - 0x00007ffc540a5000 	C:\WINDOWS\System32\USER32.dll
0x00007ffc52710000 - 0x00007ffc5272e000 	C:\WINDOWS\System32\win32u.dll
0x00007ffc550b0000 - 0x00007ffc550e4000 	C:\WINDOWS\System32\GDI32.dll
0x00007ffc52580000 - 0x00007ffc52702000 	C:\WINDOWS\System32\gdi32full.dll
0x00007ffc43d20000 - 0x00007ffc43f99000 	C:\WINDOWS\WinSxS\amd64_microsoft.windows.common-controls_6595b64144ccf1df_6.0.14393.447_none_42191651c6827bb3\COMCTL32.dll
0x00007ffc54640000 - 0x00007ffc54907000 	C:\WINDOWS\System32\combase.dll
0x00007ffc52380000 - 0x00007ffc52475000 	C:\WINDOWS\System32\ucrtbase.dll
0x00007ffc51ff0000 - 0x00007ffc5205a000 	C:\WINDOWS\System32\bcryptPrimitives.dll
0x00007ffc550f0000 - 0x00007ffc5511e000 	C:\WINDOWS\System32\IMM32.DLL
0x0000000066b00000 - 0x0000000066bd2000 	C:\Program Files\Android\Android Studio\jre\jre\bin\msvcr100.dll
0x0000000066cc0000 - 0x00000000674f4000 	C:\Program Files\Android\Android Studio\jre\jre\bin\server\jvm.dll
0x00007ffc52730000 - 0x00007ffc52738000 	C:\WINDOWS\System32\PSAPI.DLL
0x00007ffc38750000 - 0x00007ffc38759000 	C:\WINDOWS\SYSTEM32\WSOCK32.dll
0x00007ffc55120000 - 0x00007ffc5518a000 	C:\WINDOWS\System32\WS2_32.dll
0x00007ffc4f440000 - 0x00007ffc4f463000 	C:\WINDOWS\SYSTEM32\WINMM.dll
0x00007ffc41870000 - 0x00007ffc4187a000 	C:\WINDOWS\SYSTEM32\VERSION.dll
0x00007ffc4f3e0000 - 0x00007ffc4f40b000 	C:\WINDOWS\SYSTEM32\WINMMBASE.dll
0x00007ffc52480000 - 0x00007ffc524c2000 	C:\WINDOWS\System32\cfgmgr32.dll
0x00007ffc4ee10000 - 0x00007ffc4ee1f000 	C:\Program Files\Android\Android Studio\jre\jre\bin\verify.dll
0x00007ffc3e6c0000 - 0x00007ffc3e6e9000 	C:\Program Files\Android\Android Studio\jre\jre\bin\java.dll
0x00007ffc48c10000 - 0x00007ffc48c26000 	C:\Program Files\Android\Android Studio\jre\jre\bin\zip.dll
0x00007ffc52870000 - 0x00007ffc53d79000 	C:\WINDOWS\System32\SHELL32.dll
0x00007ffc51690000 - 0x00007ffc51d6a000 	C:\WINDOWS\System32\windows.storage.dll
0x00007ffc51630000 - 0x00007ffc5167c000 	C:\WINDOWS\System32\powrprof.dll
0x00007ffc52760000 - 0x00007ffc527b2000 	C:\WINDOWS\System32\shlwapi.dll
0x00007ffc51620000 - 0x00007ffc5162f000 	C:\WINDOWS\System32\kernel.appcore.dll
0x00007ffc51f40000 - 0x00007ffc51fe9000 	C:\WINDOWS\System32\shcore.dll
0x00007ffc51600000 - 0x00007ffc51614000 	C:\WINDOWS\System32\profapi.dll

VM Arguments:
jvm_args: -Djava.awt.headless=true -Xmx1024M -Dfile.encoding=windows-1252 -Duser.country=US -Duser.language=en -Duser.variant 
java_command: com.android.dx.command.Main --dex --force-jumbo --num-threads=4 --multi-dex --output C:\Users\alex\AndroidStudioProjects\Frontend\app\build\intermediates\transforms\dex\debug\folders\1000\10\com.android.support-support-fragment-25.0.1_126cfa1043139514cbe55706fb1c9c788d79772d C:\Users\alex\AndroidStudioProjects\Frontend\app\build\intermediates\exploded-aar\com.android.support\support-fragment\25.0.1\jars\classes.jar
java_class_path (initial): C:\Users\alex\AppData\Local\Android\sdk\build-tools\25.0.0\lib\dx.jar
Launcher Type: SUN_STANDARD

Environment Variables:
JAVA_HOME=C:\Program Files\Java\jdk1.8.0_101
PATH=C:\ProgramData\Oracle\Java\javapath;C:\Program Files (x86)\Lenovo\FusionEngine;C:\Program Files (x86)\Intel\iCLS Client\;C:\Program Files\Intel\iCLS Client\;C:\WINDOWS\system32;C:\WINDOWS;C:\WINDOWS\System32\Wbem;C:\WINDOWS\System32\WindowsPowerShell\v1.0\;C:\Program Files\Intel\Intel(R) Management Engine Components\DAL;C:\Program Files\Intel\Intel(R) Management Engine Components\IPT;C:\Program Files (x86)\Intel\Intel(R) Management Engine Components\DAL;C:\Program Files (x86)\Intel\Intel(R) Management Engine Components\IPT;C:\Program Files\Intel\WiFi\bin\;C:\Program Files\Common Files\Intel\WirelessCommon\;C:\Program Files (x86)\Lenovo\Motion Control\;C:\Program Files (x86)\Common Files\lenovo\easyplussdk\bin;C:\Program Files\TortoiseSVN\bin;C:\Program Files (x86)\Skype\Phone\;C:\Program Files\MATLAB\R2016a\runtime\win64;C:\Program Files\MATLAB\R2016a\bin;C:\Program Files\MATLAB\R2016a\polyspace\bin;C:\Program Files (x86)\Brackets\command;C:\Users\alex\AppData\Local\Android\sdk\platform-tools;C:\Users\alex\AppData\Local\Android\sdk\tools;C:\Program Files\Git\cmd;C:\texlive\2015\bin\win32;C:\Users\alex\AppData\Local\Microsoft\WindowsApps;C:\Users\alex\AppData\Local\GitHub\PortableGit_63435a79518b44808827aa3194b76bea96231189\cmd;C:\Program Files\Git\cmd
USERNAME=alex
OS=Windows_NT
PROCESSOR_IDENTIFIER=Intel64 Family 6 Model 69 Stepping 1, GenuineIntel



---------------  S Y S T E M  ---------------

OS: Windows 10.0 , 64 bit Build 14393 (10.0.14393.0)

CPU:total 4 (2 cores per cpu, 2 threads per core) family 6 model 69 stepping 1, cmov, cx8, fxsr, mmx, sse, sse2, sse3, ssse3, sse4.1, sse4.2, popcnt, avx, avx2, aes, clmul, erms, lzcnt, ht, tsc, tscinvbit, bmi1, bmi2

Memory: 4k page, physical 8307672k(927676k free), swap 17881196k(5400k free)

vm_info: OpenJDK 64-Bit Server VM (25.76-b03) for windows-amd64 JRE (1.8.0_76-release-b03), built on Jun 29 2016 19:09:20 by "ralucas" with MS VC++ 10.0 (VS2010)

time: Sun Dec 04 16:18:54 2016
elapsed time: 2 seconds (0d 0h 0m 2s)

